This file contains any messages produced by compilers while
running configure, to aid debugging if configure makes a mistake.

It was created by configure, which was
generated by GNU Autoconf 2.69.  Invocation command line was

  $ ./configure --enable-ssl

## --------- ##
## Platform. ##
## --------- ##

hostname = AX1
uname -m = x86_64
uname -r = 5.1.15-64
uname -s = Linux
uname -v = #1 SMP Mon Jul 1 14:00:23 BST 2019

/usr/bin/uname -p = unknown
/bin/uname -X     = unknown

/bin/arch              = unknown
/usr/bin/arch -k       = unknown
/usr/convex/getsysinfo = unknown
/usr/bin/hostinfo      = unknown
/bin/machine           = unknown
/usr/bin/oslevel       = unknown
/bin/universe          = unknown

PATH: /usr/prebin
PATH: /usr/local/bin
PATH: /usr/bin
PATH: /usr/X11R7/bin
PATH: /bin
PATH: /usr/games/bin


## ----------- ##
## Core tests. ##
## ----------- ##

configure:2093: checking for gcc
configure:2109: found /usr/bin/gcc
configure:2120: result: gcc
configure:2349: checking for C compiler version
configure:2358: gcc --version >&5
gcc (GCC) 5.3.0
Copyright (C) 2015 Free Software Foundation, Inc.
This is free software; see the source for copying conditions.  There is NO
warranty; not even for MERCHANTABILITY or FITNESS FOR A PARTICULAR PURPOSE.

configure:2369: $? = 0
configure:2358: gcc -v >&5
Using built-in specs.
COLLECT_GCC=gcc
COLLECT_LTO_WRAPPER=/usr/libexec/gcc/i486-pc-linux-gnu/5.3.0/lto-wrapper
Target: i486-pc-linux-gnu
Configured with: ../gcc-5.3.0-src/configure --prefix=/usr --sysconfdir=/etc --includedir=/usr/include --localstatedir=/var --mandir=/usr/share/man --infodir=/usr/share/info --enable-languages=c,c++,go --host=i486-pc-linux-gnu --build=i486-pc-linux-gnu --target=i486-pc-linux-gnu --enable-bootstrap
Thread model: posix
gcc version 5.3.0 (GCC) 
configure:2369: $? = 0
configure:2358: gcc -V >&5
gcc: error: unrecognized command line option '-V'
gcc: fatal error: no input files
compilation terminated.
configure:2369: $? = 1
configure:2358: gcc -qversion >&5
gcc: error: unrecognized command line option '-qversion'
gcc: fatal error: no input files
compilation terminated.
configure:2369: $? = 1
configure:2389: checking whether the C compiler works
configure:2411: gcc    conftest.c  >&5
configure:2415: $? = 0
configure:2463: result: yes
configure:2466: checking for C compiler default output file name
configure:2468: result: a.out
configure:2474: checking for suffix of executables
configure:2481: gcc -o conftest    conftest.c  >&5
configure:2485: $? = 0
configure:2507: result: 
configure:2529: checking whether we are cross compiling
configure:2537: gcc -o conftest    conftest.c  >&5
configure:2541: $? = 0
configure:2548: ./conftest
configure:2552: $? = 0
configure:2567: result: no
configure:2572: checking for suffix of object files
configure:2594: gcc -c   conftest.c >&5
configure:2598: $? = 0
configure:2619: result: o
configure:2623: checking whether we are using the GNU C compiler
configure:2642: gcc -c   conftest.c >&5
configure:2642: $? = 0
configure:2651: result: yes
configure:2660: checking whether gcc accepts -g
configure:2680: gcc -c -g  conftest.c >&5
configure:2680: $? = 0
configure:2721: result: yes
configure:2738: checking for gcc option to accept ISO C89
configure:2801: gcc  -c -g -O2  conftest.c >&5
configure:2801: $? = 0
configure:2814: result: none needed
configure:2840: checking whether make sets $(MAKE)
configure:2862: result: yes
configure:2914: checking for a BSD-compatible install
configure:2982: result: /bin/install -c
configure:2999: checking how to run the C preprocessor
configure:3030: gcc -E  conftest.c
configure:3030: $? = 0
configure:3044: gcc -E  conftest.c
conftest.c:9:28: fatal error: ac_nonexistent.h: No such file or directory
compilation terminated.
configure:3044: $? = 1
configure: failed program was:
| /* confdefs.h */
| #define PACKAGE_NAME ""
| #define PACKAGE_TARNAME ""
| #define PACKAGE_VERSION ""
| #define PACKAGE_STRING ""
| #define PACKAGE_BUGREPORT ""
| #define PACKAGE_URL ""
| /* end confdefs.h.  */
| #include <ac_nonexistent.h>
configure:3069: result: gcc -E
configure:3089: gcc -E  conftest.c
configure:3089: $? = 0
configure:3103: gcc -E  conftest.c
conftest.c:9:28: fatal error: ac_nonexistent.h: No such file or directory
compilation terminated.
configure:3103: $? = 1
configure: failed program was:
| /* confdefs.h */
| #define PACKAGE_NAME ""
| #define PACKAGE_TARNAME ""
| #define PACKAGE_VERSION ""
| #define PACKAGE_STRING ""
| #define PACKAGE_BUGREPORT ""
| #define PACKAGE_URL ""
| /* end confdefs.h.  */
| #include <ac_nonexistent.h>
configure:3132: checking for grep that handles long lines and -e
configure:3190: result: /bin/grep
configure:3195: checking for egrep
configure:3257: result: /bin/grep -E
configure:3262: checking for ANSI C header files
configure:3282: gcc -c -g -O2  conftest.c >&5
configure:3282: $? = 0
configure:3355: gcc -o conftest -g -O2   conftest.c  >&5
configure:3355: $? = 0
configure:3355: ./conftest
configure:3355: $? = 0
configure:3366: result: yes
configure:3381: checking for special C compiler options needed for large files
configure:3426: result: no
configure:3432: checking for _FILE_OFFSET_BITS value needed for large files
configure:3457: gcc -c -g -O2  conftest.c >&5
conftest.c:15:33: warning: left shift count >= width of type [-Wshift-count-overflow]
 #define LARGE_OFF_T (((off_t) 1 << 62) - 1 + ((off_t) 1 << 62))
                                 ^
conftest.c:16:23: note: in expansion of macro 'LARGE_OFF_T'
   int off_t_is_large[(LARGE_OFF_T % 2147483629 == 721
                       ^
conftest.c:15:57: warning: left shift count >= width of type [-Wshift-count-overflow]
 #define LARGE_OFF_T (((off_t) 1 << 62) - 1 + ((off_t) 1 << 62))
                                                         ^
conftest.c:16:23: note: in expansion of macro 'LARGE_OFF_T'
   int off_t_is_large[(LARGE_OFF_T % 2147483629 == 721
                       ^
conftest.c:15:33: warning: left shift count >= width of type [-Wshift-count-overflow]
 #define LARGE_OFF_T (((off_t) 1 << 62) - 1 + ((off_t) 1 << 62))
                                 ^
conftest.c:17:13: note: in expansion of macro 'LARGE_OFF_T'
          && LARGE_OFF_T % 2147483647 == 1)
             ^
conftest.c:15:57: warning: left shift count >= width of type [-Wshift-count-overflow]
 #define LARGE_OFF_T (((off_t) 1 << 62) - 1 + ((off_t) 1 << 62))
                                                         ^
conftest.c:17:13: note: in expansion of macro 'LARGE_OFF_T'
          && LARGE_OFF_T % 2147483647 == 1)
             ^
conftest.c:16:7: error: variably modified 'off_t_is_large' at file scope
   int off_t_is_large[(LARGE_OFF_T % 2147483629 == 721
       ^
configure:3457: $? = 1
configure: failed program was:
| /* confdefs.h */
| #define PACKAGE_NAME ""
| #define PACKAGE_TARNAME ""
| #define PACKAGE_VERSION ""
| #define PACKAGE_STRING ""
| #define PACKAGE_BUGREPORT ""
| #define PACKAGE_URL ""
| #define STDC_HEADERS 1
| /* end confdefs.h.  */
| #include <sys/types.h>
|  /* Check that off_t can represent 2**63 - 1 correctly.
|     We can't simply define LARGE_OFF_T to be 9223372036854775807,
|     since some C++ compilers masquerading as C compilers
|     incorrectly reject 9223372036854775807.  */
| #define LARGE_OFF_T (((off_t) 1 << 62) - 1 + ((off_t) 1 << 62))
|   int off_t_is_large[(LARGE_OFF_T % 2147483629 == 721
| 		       && LARGE_OFF_T % 2147483647 == 1)
| 		      ? 1 : -1];
| int
| main ()
| {
| 
|   ;
|   return 0;
| }
configure:3481: gcc -c -g -O2  conftest.c >&5
configure:3481: $? = 0
configure:3489: result: 64
configure:3575: checking for deflate in -lz
configure:3600: gcc -o conftest -g -O2   conftest.c -lz   >&5
configure:3600: $? = 0
configure:3609: result: yes
configure:3689: checking sys/capability.h usability
configure:3689: gcc -c -g -O2  conftest.c >&5
configure:3689: $? = 0
configure:3689: result: yes
configure:3689: checking sys/capability.h presence
configure:3689: gcc -E  conftest.c
configure:3689: $? = 0
configure:3689: result: yes
configure:3689: checking for sys/capability.h
configure:3689: result: yes
configure:3695: checking linux/capability.h usability
configure:3695: gcc -c -g -O2  conftest.c >&5
configure:3695: $? = 0
configure:3695: result: yes
configure:3695: checking linux/capability.h presence
configure:3695: gcc -E  conftest.c
configure:3695: $? = 0
configure:3695: result: yes
configure:3695: checking for linux/capability.h
configure:3695: result: yes
configure:3705: checking for cap_init in -lcap
configure:3730: gcc -o conftest -g -O2   conftest.c -lcap  -lz  >&5
configure:3730: $? = 0
configure:3739: result: yes
configure:3762: checking for pam_start in -lpam
configure:3787: gcc -o conftest -g -O2   conftest.c -lpam  -lcap -lz  >&5
configure:3787: $? = 0
configure:3796: result: yes
configure:3819: checking for SSL_library_init in -lssl
configure:3844: gcc -o conftest -g -O2   conftest.c -lssl  -lpam -lcap -lz  >&5
configure:3844: $? = 0
configure:3853: result: yes
configure:3866: checking for EVP_CIPHER_CTX_init in -lcrypto
configure:3891: gcc -o conftest -g -O2   conftest.c -lcrypto  -lssl -lpam -lcap -lz  >&5
configure:3891: $? = 0
configure:3900: result: yes
configure:3915: checking for crypt in -lcrypt
configure:3940: gcc -o conftest -g -O2   conftest.c -lcrypt  -lcrypto -lssl -lpam -lcap -lz  >&5
configure:3940: $? = 0
configure:3949: result: yes
configure:3962: checking shadow.h usability
configure:3962: gcc -c -g -O2  conftest.c >&5
configure:3962: $? = 0
configure:3962: result: yes
configure:3962: checking shadow.h presence
configure:3962: gcc -E  conftest.c
configure:3962: $? = 0
configure:3962: result: yes
configure:3962: checking for shadow.h
configure:3962: result: yes
configure:4366: creating ./config.status

## ---------------------- ##
## Running config.status. ##
## ---------------------- ##

This file was extended by config.status, which was
generated by GNU Autoconf 2.69.  Invocation command line was

  CONFIG_FILES    = 
  CONFIG_HEADERS  = 
  CONFIG_LINKS    = 
  CONFIG_COMMANDS = 
  $ ./config.status 

on AX1

config.status:730: creating Makefile
configure:5443: === configuring in libUseful (/home/engineering/alaya-3.1/libUseful)
configure:5506: running /bin/sh ./configure --disable-option-checking '--prefix=/usr/local'  '--enable-ssl' --cache-file=/dev/null --srcdir=.

## ---------------- ##
## Cache variables. ##
## ---------------- ##

ac_cv_c_compiler_gnu=yes
ac_cv_env_CC_set=
ac_cv_env_CC_value=
ac_cv_env_CFLAGS_set=
ac_cv_env_CFLAGS_value=
ac_cv_env_CPPFLAGS_set=
ac_cv_env_CPPFLAGS_value=
ac_cv_env_CPP_set=
ac_cv_env_CPP_value=
ac_cv_env_LDFLAGS_set=
ac_cv_env_LDFLAGS_value=
ac_cv_env_LIBS_set=
ac_cv_env_LIBS_value=
ac_cv_env_build_alias_set=
ac_cv_env_build_alias_value=
ac_cv_env_host_alias_set=
ac_cv_env_host_alias_value=
ac_cv_env_target_alias_set=
ac_cv_env_target_alias_value=
ac_cv_header_linux_capability_h=yes
ac_cv_header_shadow_h=yes
ac_cv_header_stdc=yes
ac_cv_header_sys_capability_h=yes
ac_cv_lib_cap_cap_init=yes
ac_cv_lib_crypt_crypt=yes
ac_cv_lib_crypto_EVP_CIPHER_CTX_init=yes
ac_cv_lib_pam_pam_start=yes
ac_cv_lib_ssl_SSL_library_init=yes
ac_cv_lib_z_deflate=yes
ac_cv_objext=o
ac_cv_path_EGREP='/bin/grep -E'
ac_cv_path_GREP=/bin/grep
ac_cv_path_install='/bin/install -c'
ac_cv_prog_CPP='gcc -E'
ac_cv_prog_ac_ct_CC=gcc
ac_cv_prog_cc_c89=
ac_cv_prog_cc_g=yes
ac_cv_prog_make_make_set=yes
ac_cv_sys_file_offset_bits=64
ac_cv_sys_largefile_CC=no

## ----------------- ##
## Output variables. ##
## ----------------- ##

CC='gcc'
CFLAGS='-g -O2'
CPP='gcc -E'
CPPFLAGS=''
DEFS='-DPACKAGE_NAME=\"\" -DPACKAGE_TARNAME=\"\" -DPACKAGE_VERSION=\"\" -DPACKAGE_STRING=\"\" -DPACKAGE_BUGREPORT=\"\" -DPACKAGE_URL=\"\" -DSTDC_HEADERS=1 -D_FILE_OFFSET_BITS=64 -DHAVE_LIBZ=1 -DHAVE_LIBCAP=1 -DUSE_LINUX_CAPABILITIES=1 -DHAVE_LIBPAM=1 -DHAVE_LIBSSL=1 -DHAVE_LIBCRYPTO=1 -DHAVE_LIBCRYPT=1 -DHAVE_SHADOW_H=1'
ECHO_C=''
ECHO_N='-n'
ECHO_T=''
EGREP='/bin/grep -E'
EXEEXT=''
GREP='/bin/grep'
INSTALL_DATA='${INSTALL} -m 644'
INSTALL_PROGRAM='${INSTALL}'
INSTALL_SCRIPT='${INSTALL}'
LDFLAGS=''
LIBOBJS=''
LIBS='-lcrypt -lcrypto -lssl -lpam -lcap -lz '
LTLIBOBJS=''
OBJEXT='o'
PACKAGE_BUGREPORT=''
PACKAGE_NAME=''
PACKAGE_STRING=''
PACKAGE_TARNAME=''
PACKAGE_URL=''
PACKAGE_VERSION=''
PATH_SEPARATOR=':'
SET_MAKE=''
SHELL='/bin/sh'
STATIC_LIBS='libUseful/libUseful.a'
ac_ct_CC='gcc'
bindir='${exec_prefix}/bin'
build_alias=''
datadir='${datarootdir}'
datarootdir='${prefix}/share'
docdir='${datarootdir}/doc/${PACKAGE}'
dvidir='${docdir}'
exec_prefix='${prefix}'
host_alias=''
htmldir='${docdir}'
includedir='${prefix}/include'
infodir='${datarootdir}/info'
libdir='${exec_prefix}/lib'
libexecdir='${exec_prefix}/libexec'
localedir='${datarootdir}/locale'
localstatedir='${prefix}/var'
mandir='${datarootdir}/man'
oldincludedir='/usr/include'
pdfdir='${docdir}'
prefix='/usr/local'
program_transform_name='s,x,x,'
psdir='${docdir}'
sbindir='${exec_prefix}/sbin'
sharedstatedir='${prefix}/com'
subdirs=' libUseful'
sysconfdir='${prefix}/etc'
target_alias=''

## ----------- ##
## confdefs.h. ##
## ----------- ##

/* confdefs.h */
#define PACKAGE_NAME ""
#define PACKAGE_TARNAME ""
#define PACKAGE_VERSION ""
#define PACKAGE_STRING ""
#define PACKAGE_BUGREPORT ""
#define PACKAGE_URL ""
#define STDC_HEADERS 1
#define _FILE_OFFSET_BITS 64
#define HAVE_LIBZ 1
#define HAVE_LIBCAP 1
#define USE_LINUX_CAPABILITIES 1
#define HAVE_LIBPAM 1
#define HAVE_LIBSSL 1
#define HAVE_LIBCRYPTO 1
#define HAVE_LIBCRYPT 1
#define HAVE_SHADOW_H 1

configure: exit 0
