This file contains any messages produced by compilers while
running configure, to aid debugging if configure makes a mistake.

It was created by configure, which was
generated by GNU Autoconf 2.71.  Invocation command line was

  $ ./configure --disable-option-checking --prefix=/usr/local --enable-ssl --without-libuseful --cache-file=/dev/null --srcdir=.

## --------- ##
## Platform. ##
## --------- ##

hostname = colum-HP-ProDesk-400-G1-SFF
uname -m = x86_64
uname -r = 5.15.0-125-generic
uname -s = Linux
uname -v = #135-Ubuntu SMP Fri Sep 27 13:53:58 UTC 2024

/usr/bin/uname -p = x86_64
/bin/uname -X     = unknown

/bin/arch              = x86_64
/usr/bin/arch -k       = unknown
/usr/convex/getsysinfo = unknown
/usr/bin/hostinfo      = unknown
/bin/machine           = unknown
/usr/bin/oslevel       = unknown
/bin/universe          = unknown

PATH: /usr/prebin/
PATH: /home/colum/.local/bin/
PATH: /home/colum/bin/
PATH: /usr/local/bin/
PATH: /usr/bin/
PATH: /bin/
PATH: /usr/local/games/
PATH: /usr/games/


## ----------- ##
## Core tests. ##
## ----------- ##

configure:2472: checking for gcc
configure:2493: found /usr/bin/gcc
configure:2504: result: gcc
configure:2857: checking for C compiler version
configure:2866: gcc --version >&5
gcc (Ubuntu 11.4.0-1ubuntu1~22.04) 11.4.0
Copyright (C) 2021 Free Software Foundation, Inc.
This is free software; see the source for copying conditions.  There is NO
warranty; not even for MERCHANTABILITY or FITNESS FOR A PARTICULAR PURPOSE.

configure:2877: $? = 0
configure:2866: gcc -v >&5
Using built-in specs.
COLLECT_GCC=gcc
COLLECT_LTO_WRAPPER=/usr/lib/gcc/x86_64-linux-gnu/11/lto-wrapper
OFFLOAD_TARGET_NAMES=nvptx-none:amdgcn-amdhsa
OFFLOAD_TARGET_DEFAULT=1
Target: x86_64-linux-gnu
Configured with: ../src/configure -v --with-pkgversion='Ubuntu 11.4.0-1ubuntu1~22.04' --with-bugurl=file:///usr/share/doc/gcc-11/README.Bugs --enable-languages=c,ada,c++,go,brig,d,fortran,objc,obj-c++,m2 --prefix=/usr --with-gcc-major-version-only --program-suffix=-11 --program-prefix=x86_64-linux-gnu- --enable-shared --enable-linker-build-id --libexecdir=/usr/lib --without-included-gettext --enable-threads=posix --libdir=/usr/lib --enable-nls --enable-bootstrap --enable-clocale=gnu --enable-libstdcxx-debug --enable-libstdcxx-time=yes --with-default-libstdcxx-abi=new --enable-gnu-unique-object --disable-vtable-verify --enable-plugin --enable-default-pie --with-system-zlib --enable-libphobos-checking=release --with-target-system-zlib=auto --enable-objc-gc=auto --enable-multiarch --disable-werror --enable-cet --with-arch-32=i686 --with-abi=m64 --with-multilib-list=m32,m64,mx32 --enable-multilib --with-tune=generic --enable-offload-targets=nvptx-none=/build/gcc-11-XeT9lY/gcc-11-11.4.0/debian/tmp-nvptx/usr,amdgcn-amdhsa=/build/gcc-11-XeT9lY/gcc-11-11.4.0/debian/tmp-gcn/usr --without-cuda-driver --enable-checking=release --build=x86_64-linux-gnu --host=x86_64-linux-gnu --target=x86_64-linux-gnu --with-build-config=bootstrap-lto-lean --enable-link-serialization=2
Thread model: posix
Supported LTO compression algorithms: zlib zstd
gcc version 11.4.0 (Ubuntu 11.4.0-1ubuntu1~22.04) 
... rest of stderr output deleted ...
configure:2877: $? = 0
configure:2866: gcc -V >&5
gcc: error: unrecognized command-line option '-V'
gcc: fatal error: no input files
compilation terminated.
configure:2877: $? = 1
configure:2866: gcc -qversion >&5
gcc: error: unrecognized command-line option '-qversion'; did you mean '--version'?
gcc: fatal error: no input files
compilation terminated.
configure:2877: $? = 1
configure:2866: gcc -version >&5
gcc: error: unrecognized command-line option '-version'
gcc: fatal error: no input files
compilation terminated.
configure:2877: $? = 1
configure:2897: checking whether the C compiler works
configure:2919: gcc    conftest.c  >&5
configure:2923: $? = 0
configure:2973: result: yes
configure:2976: checking for C compiler default output file name
configure:2978: result: a.out
configure:2984: checking for suffix of executables
configure:2991: gcc -o conftest    conftest.c  >&5
configure:2995: $? = 0
configure:3018: result: 
configure:3040: checking whether we are cross compiling
configure:3048: gcc -o conftest    conftest.c  >&5
configure:3052: $? = 0
configure:3059: ./conftest
configure:3063: $? = 0
configure:3078: result: no
configure:3083: checking for suffix of object files
configure:3106: gcc -c   conftest.c >&5
configure:3110: $? = 0
configure:3132: result: o
configure:3136: checking whether the compiler supports GNU C
configure:3156: gcc -c   conftest.c >&5
configure:3156: $? = 0
configure:3166: result: yes
configure:3177: checking whether gcc accepts -g
configure:3198: gcc -c -g  conftest.c >&5
configure:3198: $? = 0
configure:3242: result: yes
configure:3262: checking for gcc option to enable C11 features
configure:3277: gcc  -c -g -O2  conftest.c >&5
configure:3277: $? = 0
configure:3295: result: none needed
configure:3411: checking whether make sets $(MAKE)
configure:3434: result: yes
configure:3443: checking for grep that handles long lines and -e
configure:3507: result: /usr/bin/grep
configure:3512: checking for egrep
configure:3580: result: /usr/bin/grep -E
configure:3594: checking for special C compiler options needed for large files
configure:3642: result: no
configure:3648: checking for _FILE_OFFSET_BITS value needed for large files
configure:3674: gcc -c -g -O2  conftest.c >&5
configure:3674: $? = 0
configure:3708: result: no
configure:3912: checking for get_current_dir_name in -lc
configure:3935: gcc -o conftest -g -O2   conftest.c -lc   >&5
configure:3935: $? = 0
configure:3945: result: yes
configure:3963: checking for ptsname_r
configure:3963: gcc -o conftest -g -O2   conftest.c -lc  >&5
configure:3963: $? = 0
configure:3963: result: yes
configure:3969: checking for clearenv
configure:3969: gcc -o conftest -g -O2   conftest.c -lc  >&5
configure:3969: $? = 0
configure:3969: result: yes
configure:3975: checking for setresuid
configure:3975: gcc -o conftest -g -O2   conftest.c -lc  >&5
configure:3975: $? = 0
configure:3975: result: yes
configure:3981: checking for initgroups
configure:3981: gcc -o conftest -g -O2   conftest.c -lc  >&5
configure:3981: $? = 0
configure:3981: result: yes
configure:3987: checking for poll
configure:3987: gcc -o conftest -g -O2   conftest.c -lc  >&5
configure:3987: $? = 0
configure:3987: result: yes
configure:3993: checking for mlock
configure:3993: gcc -o conftest -g -O2   conftest.c -lc  >&5
configure:3993: $? = 0
configure:3993: result: yes
configure:3999: checking for mlockall
configure:3999: gcc -o conftest -g -O2   conftest.c -lc  >&5
configure:3999: $? = 0
configure:3999: result: yes
configure:4005: checking for munlockall
configure:4005: gcc -o conftest -g -O2   conftest.c -lc  >&5
configure:4005: $? = 0
configure:4005: result: yes
configure:4011: checking for madvise
configure:4011: gcc -o conftest -g -O2   conftest.c -lc  >&5
configure:4011: $? = 0
configure:4011: result: yes
configure:4017: checking for htonll
configure:4017: gcc -o conftest -g -O2   conftest.c -lc  >&5
/usr/bin/ld: /tmp/cc5KGcwf.o: in function `main':
/home/colum/alaya-test/alaya-ooe/libUseful-bundled/conftest.c:47: undefined reference to `htonll'
collect2: error: ld returned 1 exit status
configure:4017: $? = 1
configure: failed program was:
| /* confdefs.h */
| #define PACKAGE_NAME ""
| #define PACKAGE_TARNAME ""
| #define PACKAGE_VERSION ""
| #define PACKAGE_STRING ""
| #define PACKAGE_BUGREPORT ""
| #define PACKAGE_URL ""
| #define HAVE_LIBC 1
| #define HAVE_GET_CURR_DIR 1
| #define HAVE_PTSNAME_R 1
| #define HAVE_CLEARENV 1
| #define HAVE_SETRESUID 1
| #define HAVE_INITGROUPS 1
| #define HAVE_POLL 1
| #define HAVE_MLOCK 1
| #define HAVE_MLOCKALL 1
| #define HAVE_MUNLOCKALL 1
| #define HAVE_MADVISE 1
| /* end confdefs.h.  */
| /* Define htonll to an innocuous variant, in case <limits.h> declares htonll.
|    For example, HP-UX 11i <limits.h> declares gettimeofday.  */
| #define htonll innocuous_htonll
| 
| /* System header to define __stub macros and hopefully few prototypes,
|    which can conflict with char htonll (); below.  */
| 
| #include <limits.h>
| #undef htonll
| 
| /* Override any GCC internal prototype to avoid an error.
|    Use char because int might match the return type of a GCC
|    builtin and then its argument prototype would still apply.  */
| #ifdef __cplusplus
| extern "C"
| #endif
| char htonll ();
| /* The GNU C library defines this for functions which it implements
|     to always fail with ENOSYS.  Some functions are actually named
|     something starting with __ and the normal name is an alias.  */
| #if defined __stub_htonll || defined __stub___htonll
| choke me
| #endif
| 
| int
| main (void)
| {
| return htonll ();
|   ;
|   return 0;
| }
configure:4017: result: no
configure:4023: checking for ntohll
configure:4023: gcc -o conftest -g -O2   conftest.c -lc  >&5
/usr/bin/ld: /tmp/ccfzOvL6.o: in function `main':
/home/colum/alaya-test/alaya-ooe/libUseful-bundled/conftest.c:47: undefined reference to `ntohll'
collect2: error: ld returned 1 exit status
configure:4023: $? = 1
configure: failed program was:
| /* confdefs.h */
| #define PACKAGE_NAME ""
| #define PACKAGE_TARNAME ""
| #define PACKAGE_VERSION ""
| #define PACKAGE_STRING ""
| #define PACKAGE_BUGREPORT ""
| #define PACKAGE_URL ""
| #define HAVE_LIBC 1
| #define HAVE_GET_CURR_DIR 1
| #define HAVE_PTSNAME_R 1
| #define HAVE_CLEARENV 1
| #define HAVE_SETRESUID 1
| #define HAVE_INITGROUPS 1
| #define HAVE_POLL 1
| #define HAVE_MLOCK 1
| #define HAVE_MLOCKALL 1
| #define HAVE_MUNLOCKALL 1
| #define HAVE_MADVISE 1
| /* end confdefs.h.  */
| /* Define ntohll to an innocuous variant, in case <limits.h> declares ntohll.
|    For example, HP-UX 11i <limits.h> declares gettimeofday.  */
| #define ntohll innocuous_ntohll
| 
| /* System header to define __stub macros and hopefully few prototypes,
|    which can conflict with char ntohll (); below.  */
| 
| #include <limits.h>
| #undef ntohll
| 
| /* Override any GCC internal prototype to avoid an error.
|    Use char because int might match the return type of a GCC
|    builtin and then its argument prototype would still apply.  */
| #ifdef __cplusplus
| extern "C"
| #endif
| char ntohll ();
| /* The GNU C library defines this for functions which it implements
|     to always fail with ENOSYS.  Some functions are actually named
|     something starting with __ and the normal name is an alias.  */
| #if defined __stub_ntohll || defined __stub___ntohll
| choke me
| #endif
| 
| int
| main (void)
| {
| return ntohll ();
|   ;
|   return 0;
| }
configure:4023: result: no
configure:4029: checking for mkostemp
configure:4029: gcc -o conftest -g -O2   conftest.c -lc  >&5
configure:4029: $? = 0
configure:4029: result: yes
configure:4035: checking for mount
configure:4035: gcc -o conftest -g -O2   conftest.c -lc  >&5
configure:4035: $? = 0
configure:4035: result: yes
configure:4041: checking for umount
configure:4041: gcc -o conftest -g -O2   conftest.c -lc  >&5
configure:4041: $? = 0
configure:4041: result: yes
configure:4047: checking for umount2
configure:4047: gcc -o conftest -g -O2   conftest.c -lc  >&5
configure:4047: $? = 0
configure:4047: result: yes
configure:4053: checking for getentropy
configure:4053: gcc -o conftest -g -O2   conftest.c -lc  >&5
configure:4053: $? = 0
configure:4053: result: yes
configure:4059: checking for prctl
configure:4059: gcc -o conftest -g -O2   conftest.c -lc  >&5
configure:4059: $? = 0
configure:4059: result: yes
configure:4082: checking for stdio.h
configure:4082: gcc -c -g -O2  conftest.c >&5
configure:4082: $? = 0
configure:4082: result: yes
configure:4082: checking for stdlib.h
configure:4082: gcc -c -g -O2  conftest.c >&5
configure:4082: $? = 0
configure:4082: result: yes
configure:4082: checking for string.h
configure:4082: gcc -c -g -O2  conftest.c >&5
configure:4082: $? = 0
configure:4082: result: yes
configure:4082: checking for inttypes.h
configure:4082: gcc -c -g -O2  conftest.c >&5
configure:4082: $? = 0
configure:4082: result: yes
configure:4082: checking for stdint.h
configure:4082: gcc -c -g -O2  conftest.c >&5
configure:4082: $? = 0
configure:4082: result: yes
configure:4082: checking for strings.h
configure:4082: gcc -c -g -O2  conftest.c >&5
configure:4082: $? = 0
configure:4082: result: yes
configure:4082: checking for sys/stat.h
configure:4082: gcc -c -g -O2  conftest.c >&5
configure:4082: $? = 0
configure:4082: result: yes
configure:4082: checking for sys/types.h
configure:4082: gcc -c -g -O2  conftest.c >&5
configure:4082: $? = 0
configure:4082: result: yes
configure:4082: checking for unistd.h
configure:4082: gcc -c -g -O2  conftest.c >&5
configure:4082: $? = 0
configure:4082: result: yes
configure:4107: checking for sys/sendfile.h
configure:4107: gcc -c -g -O2  conftest.c >&5
configure:4107: $? = 0
configure:4107: result: yes
configure:4117: checking for sendfile
configure:4117: gcc -o conftest -g -O2   conftest.c -lc  >&5
configure:4117: $? = 0
configure:4117: result: yes
configure:4155: checking for getxattr in -lc
configure:4178: gcc -o conftest -g -O2   conftest.c -lc  -lc  >&5
configure:4178: $? = 0
configure:4188: result: yes
configure:4243: checking for unshare in -lc
configure:4266: gcc -o conftest -g -O2   conftest.c -lc  -lc -lc  >&5
configure:4266: $? = 0
configure:4276: result: yes
configure:4293: checking for setns in -lc
configure:4316: gcc -o conftest -g -O2   conftest.c -lc  -lc -lc -lc  >&5
configure:4316: $? = 0
configure:4326: result: yes
configure:4358: checking for openssl/crypto.h
configure:4358: gcc -c -g -O2  conftest.c >&5
configure:4358: $? = 0
configure:4358: result: yes
configure:4364: checking for openssl/ssl.h
configure:4364: gcc -c -g -O2  conftest.c >&5
configure:4364: $? = 0
configure:4364: result: yes
configure:4379: checking for EVP_CIPHER_CTX_init in -lcrypto
configure:4402: gcc -o conftest -g -O2   conftest.c -lcrypto  -lc -lc -lc -lc  >&5
/usr/bin/ld: /tmp/ccZBvb7x.o: in function `main':
/home/colum/alaya-test/alaya-ooe/libUseful-bundled/conftest.c:52: undefined reference to `EVP_CIPHER_CTX_init'
collect2: error: ld returned 1 exit status
configure:4402: $? = 1
configure: failed program was:
| /* confdefs.h */
| #define PACKAGE_NAME ""
| #define PACKAGE_TARNAME ""
| #define PACKAGE_VERSION ""
| #define PACKAGE_STRING ""
| #define PACKAGE_BUGREPORT ""
| #define PACKAGE_URL ""
| #define HAVE_LIBC 1
| #define HAVE_GET_CURR_DIR 1
| #define HAVE_PTSNAME_R 1
| #define HAVE_CLEARENV 1
| #define HAVE_SETRESUID 1
| #define HAVE_INITGROUPS 1
| #define HAVE_POLL 1
| #define HAVE_MLOCK 1
| #define HAVE_MLOCKALL 1
| #define HAVE_MUNLOCKALL 1
| #define HAVE_MADVISE 1
| #define HAVE_MKOSTEMP 1
| #define HAVE_MOUNT 1
| #define HAVE_UMOUNT 1
| #define HAVE_UMOUNT2 1
| #define HAVE_GETENTROPY 1
| #define HAVE_PRCTL 1
| #define HAVE_STDIO_H 1
| #define HAVE_STDLIB_H 1
| #define HAVE_STRING_H 1
| #define HAVE_INTTYPES_H 1
| #define HAVE_STDINT_H 1
| #define HAVE_STRINGS_H 1
| #define HAVE_SYS_STAT_H 1
| #define HAVE_SYS_TYPES_H 1
| #define HAVE_UNISTD_H 1
| #define STDC_HEADERS 1
| #define HAVE_SENDFILE 1
| #define USE_INET6 1
| #define HAVE_LIBC 1
| #define HAVE_XATTR 1
| #define HAVE_LIBC 1
| #define HAVE_UNSHARE 1
| #define HAVE_LIBC 1
| #define HAVE_SETNS 1
| /* end confdefs.h.  */
| 
| /* Override any GCC internal prototype to avoid an error.
|    Use char because int might match the return type of a GCC
|    builtin and then its argument prototype would still apply.  */
| char EVP_CIPHER_CTX_init ();
| int
| main (void)
| {
| return EVP_CIPHER_CTX_init ();
|   ;
|   return 0;
| }
configure:4412: result: no
configure:4426: checking for EVP_CIPHER_CTX_new in -lcrypto
configure:4449: gcc -o conftest -g -O2   conftest.c -lcrypto  -lc -lc -lc -lc  >&5
configure:4449: $? = 0
configure:4459: result: yes
configure:4473: checking for SSL_library_init in -lssl
configure:4496: gcc -o conftest -g -O2   conftest.c -lssl  -lcrypto -lc -lc -lc -lc  >&5
/usr/bin/ld: /tmp/ccgQGnSy.o: in function `main':
/home/colum/alaya-test/alaya-ooe/libUseful-bundled/conftest.c:53: undefined reference to `SSL_library_init'
collect2: error: ld returned 1 exit status
configure:4496: $? = 1
configure: failed program was:
| /* confdefs.h */
| #define PACKAGE_NAME ""
| #define PACKAGE_TARNAME ""
| #define PACKAGE_VERSION ""
| #define PACKAGE_STRING ""
| #define PACKAGE_BUGREPORT ""
| #define PACKAGE_URL ""
| #define HAVE_LIBC 1
| #define HAVE_GET_CURR_DIR 1
| #define HAVE_PTSNAME_R 1
| #define HAVE_CLEARENV 1
| #define HAVE_SETRESUID 1
| #define HAVE_INITGROUPS 1
| #define HAVE_POLL 1
| #define HAVE_MLOCK 1
| #define HAVE_MLOCKALL 1
| #define HAVE_MUNLOCKALL 1
| #define HAVE_MADVISE 1
| #define HAVE_MKOSTEMP 1
| #define HAVE_MOUNT 1
| #define HAVE_UMOUNT 1
| #define HAVE_UMOUNT2 1
| #define HAVE_GETENTROPY 1
| #define HAVE_PRCTL 1
| #define HAVE_STDIO_H 1
| #define HAVE_STDLIB_H 1
| #define HAVE_STRING_H 1
| #define HAVE_INTTYPES_H 1
| #define HAVE_STDINT_H 1
| #define HAVE_STRINGS_H 1
| #define HAVE_SYS_STAT_H 1
| #define HAVE_SYS_TYPES_H 1
| #define HAVE_UNISTD_H 1
| #define STDC_HEADERS 1
| #define HAVE_SENDFILE 1
| #define USE_INET6 1
| #define HAVE_LIBC 1
| #define HAVE_XATTR 1
| #define HAVE_LIBC 1
| #define HAVE_UNSHARE 1
| #define HAVE_LIBC 1
| #define HAVE_SETNS 1
| #define HAVE_LIBCRYPTO 1
| /* end confdefs.h.  */
| 
| /* Override any GCC internal prototype to avoid an error.
|    Use char because int might match the return type of a GCC
|    builtin and then its argument prototype would still apply.  */
| char SSL_library_init ();
| int
| main (void)
| {
| return SSL_library_init ();
|   ;
|   return 0;
| }
configure:4506: result: no
configure:4520: checking for OPENSSL_init_ssl in -lssl
configure:4543: gcc -o conftest -g -O2   conftest.c -lssl  -lcrypto -lc -lc -lc -lc  >&5
configure:4543: $? = 0
configure:4553: result: yes
configure:4572: checking for OpenSSL_add_all_algorithms
configure:4572: gcc -o conftest -g -O2   conftest.c -lssl -lcrypto -lc -lc -lc -lc  >&5
/usr/bin/ld: /tmp/ccMIveIS.o: in function `main':
/home/colum/alaya-test/alaya-ooe/libUseful-bundled/conftest.c:73: undefined reference to `OpenSSL_add_all_algorithms'
collect2: error: ld returned 1 exit status
configure:4572: $? = 1
configure: failed program was:
| /* confdefs.h */
| #define PACKAGE_NAME ""
| #define PACKAGE_TARNAME ""
| #define PACKAGE_VERSION ""
| #define PACKAGE_STRING ""
| #define PACKAGE_BUGREPORT ""
| #define PACKAGE_URL ""
| #define HAVE_LIBC 1
| #define HAVE_GET_CURR_DIR 1
| #define HAVE_PTSNAME_R 1
| #define HAVE_CLEARENV 1
| #define HAVE_SETRESUID 1
| #define HAVE_INITGROUPS 1
| #define HAVE_POLL 1
| #define HAVE_MLOCK 1
| #define HAVE_MLOCKALL 1
| #define HAVE_MUNLOCKALL 1
| #define HAVE_MADVISE 1
| #define HAVE_MKOSTEMP 1
| #define HAVE_MOUNT 1
| #define HAVE_UMOUNT 1
| #define HAVE_UMOUNT2 1
| #define HAVE_GETENTROPY 1
| #define HAVE_PRCTL 1
| #define HAVE_STDIO_H 1
| #define HAVE_STDLIB_H 1
| #define HAVE_STRING_H 1
| #define HAVE_INTTYPES_H 1
| #define HAVE_STDINT_H 1
| #define HAVE_STRINGS_H 1
| #define HAVE_SYS_STAT_H 1
| #define HAVE_SYS_TYPES_H 1
| #define HAVE_UNISTD_H 1
| #define STDC_HEADERS 1
| #define HAVE_SENDFILE 1
| #define USE_INET6 1
| #define HAVE_LIBC 1
| #define HAVE_XATTR 1
| #define HAVE_LIBC 1
| #define HAVE_UNSHARE 1
| #define HAVE_LIBC 1
| #define HAVE_SETNS 1
| #define HAVE_LIBCRYPTO 1
| #define HAVE_LIBSSL 1
| /* end confdefs.h.  */
| /* Define OpenSSL_add_all_algorithms to an innocuous variant, in case <limits.h> declares OpenSSL_add_all_algorithms.
|    For example, HP-UX 11i <limits.h> declares gettimeofday.  */
| #define OpenSSL_add_all_algorithms innocuous_OpenSSL_add_all_algorithms
| 
| /* System header to define __stub macros and hopefully few prototypes,
|    which can conflict with char OpenSSL_add_all_algorithms (); below.  */
| 
| #include <limits.h>
| #undef OpenSSL_add_all_algorithms
| 
| /* Override any GCC internal prototype to avoid an error.
|    Use char because int might match the return type of a GCC
|    builtin and then its argument prototype would still apply.  */
| #ifdef __cplusplus
| extern "C"
| #endif
| char OpenSSL_add_all_algorithms ();
| /* The GNU C library defines this for functions which it implements
|     to always fail with ENOSYS.  Some functions are actually named
|     something starting with __ and the normal name is an alias.  */
| #if defined __stub_OpenSSL_add_all_algorithms || defined __stub___OpenSSL_add_all_algorithms
| choke me
| #endif
| 
| int
| main (void)
| {
| return OpenSSL_add_all_algorithms ();
|   ;
|   return 0;
| }
configure:4572: result: no
configure:4578: checking for EVP_MD_CTX_create
configure:4578: gcc -o conftest -g -O2   conftest.c -lssl -lcrypto -lc -lc -lc -lc  >&5
/usr/bin/ld: /tmp/ccHzqZdy.o: in function `main':
/home/colum/alaya-test/alaya-ooe/libUseful-bundled/conftest.c:73: undefined reference to `EVP_MD_CTX_create'
collect2: error: ld returned 1 exit status
configure:4578: $? = 1
configure: failed program was:
| /* confdefs.h */
| #define PACKAGE_NAME ""
| #define PACKAGE_TARNAME ""
| #define PACKAGE_VERSION ""
| #define PACKAGE_STRING ""
| #define PACKAGE_BUGREPORT ""
| #define PACKAGE_URL ""
| #define HAVE_LIBC 1
| #define HAVE_GET_CURR_DIR 1
| #define HAVE_PTSNAME_R 1
| #define HAVE_CLEARENV 1
| #define HAVE_SETRESUID 1
| #define HAVE_INITGROUPS 1
| #define HAVE_POLL 1
| #define HAVE_MLOCK 1
| #define HAVE_MLOCKALL 1
| #define HAVE_MUNLOCKALL 1
| #define HAVE_MADVISE 1
| #define HAVE_MKOSTEMP 1
| #define HAVE_MOUNT 1
| #define HAVE_UMOUNT 1
| #define HAVE_UMOUNT2 1
| #define HAVE_GETENTROPY 1
| #define HAVE_PRCTL 1
| #define HAVE_STDIO_H 1
| #define HAVE_STDLIB_H 1
| #define HAVE_STRING_H 1
| #define HAVE_INTTYPES_H 1
| #define HAVE_STDINT_H 1
| #define HAVE_STRINGS_H 1
| #define HAVE_SYS_STAT_H 1
| #define HAVE_SYS_TYPES_H 1
| #define HAVE_UNISTD_H 1
| #define STDC_HEADERS 1
| #define HAVE_SENDFILE 1
| #define USE_INET6 1
| #define HAVE_LIBC 1
| #define HAVE_XATTR 1
| #define HAVE_LIBC 1
| #define HAVE_UNSHARE 1
| #define HAVE_LIBC 1
| #define HAVE_SETNS 1
| #define HAVE_LIBCRYPTO 1
| #define HAVE_LIBSSL 1
| /* end confdefs.h.  */
| /* Define EVP_MD_CTX_create to an innocuous variant, in case <limits.h> declares EVP_MD_CTX_create.
|    For example, HP-UX 11i <limits.h> declares gettimeofday.  */
| #define EVP_MD_CTX_create innocuous_EVP_MD_CTX_create
| 
| /* System header to define __stub macros and hopefully few prototypes,
|    which can conflict with char EVP_MD_CTX_create (); below.  */
| 
| #include <limits.h>
| #undef EVP_MD_CTX_create
| 
| /* Override any GCC internal prototype to avoid an error.
|    Use char because int might match the return type of a GCC
|    builtin and then its argument prototype would still apply.  */
| #ifdef __cplusplus
| extern "C"
| #endif
| char EVP_MD_CTX_create ();
| /* The GNU C library defines this for functions which it implements
|     to always fail with ENOSYS.  Some functions are actually named
|     something starting with __ and the normal name is an alias.  */
| #if defined __stub_EVP_MD_CTX_create || defined __stub___EVP_MD_CTX_create
| choke me
| #endif
| 
| int
| main (void)
| {
| return EVP_MD_CTX_create ();
|   ;
|   return 0;
| }
configure:4578: result: no
configure:4584: checking for EVP_MD_CTX_new
configure:4584: gcc -o conftest -g -O2   conftest.c -lssl -lcrypto -lc -lc -lc -lc  >&5
configure:4584: $? = 0
configure:4584: result: yes
configure:4590: checking for EVP_MD_CTX_destroy
configure:4590: gcc -o conftest -g -O2   conftest.c -lssl -lcrypto -lc -lc -lc -lc  >&5
/usr/bin/ld: /tmp/ccpxPt97.o: in function `main':
/home/colum/alaya-test/alaya-ooe/libUseful-bundled/conftest.c:74: undefined reference to `EVP_MD_CTX_destroy'
collect2: error: ld returned 1 exit status
configure:4590: $? = 1
configure: failed program was:
| /* confdefs.h */
| #define PACKAGE_NAME ""
| #define PACKAGE_TARNAME ""
| #define PACKAGE_VERSION ""
| #define PACKAGE_STRING ""
| #define PACKAGE_BUGREPORT ""
| #define PACKAGE_URL ""
| #define HAVE_LIBC 1
| #define HAVE_GET_CURR_DIR 1
| #define HAVE_PTSNAME_R 1
| #define HAVE_CLEARENV 1
| #define HAVE_SETRESUID 1
| #define HAVE_INITGROUPS 1
| #define HAVE_POLL 1
| #define HAVE_MLOCK 1
| #define HAVE_MLOCKALL 1
| #define HAVE_MUNLOCKALL 1
| #define HAVE_MADVISE 1
| #define HAVE_MKOSTEMP 1
| #define HAVE_MOUNT 1
| #define HAVE_UMOUNT 1
| #define HAVE_UMOUNT2 1
| #define HAVE_GETENTROPY 1
| #define HAVE_PRCTL 1
| #define HAVE_STDIO_H 1
| #define HAVE_STDLIB_H 1
| #define HAVE_STRING_H 1
| #define HAVE_INTTYPES_H 1
| #define HAVE_STDINT_H 1
| #define HAVE_STRINGS_H 1
| #define HAVE_SYS_STAT_H 1
| #define HAVE_SYS_TYPES_H 1
| #define HAVE_UNISTD_H 1
| #define STDC_HEADERS 1
| #define HAVE_SENDFILE 1
| #define USE_INET6 1
| #define HAVE_LIBC 1
| #define HAVE_XATTR 1
| #define HAVE_LIBC 1
| #define HAVE_UNSHARE 1
| #define HAVE_LIBC 1
| #define HAVE_SETNS 1
| #define HAVE_LIBCRYPTO 1
| #define HAVE_LIBSSL 1
| #define HAVE_EVP_MD_CTX_NEW 1
| /* end confdefs.h.  */
| /* Define EVP_MD_CTX_destroy to an innocuous variant, in case <limits.h> declares EVP_MD_CTX_destroy.
|    For example, HP-UX 11i <limits.h> declares gettimeofday.  */
| #define EVP_MD_CTX_destroy innocuous_EVP_MD_CTX_destroy
| 
| /* System header to define __stub macros and hopefully few prototypes,
|    which can conflict with char EVP_MD_CTX_destroy (); below.  */
| 
| #include <limits.h>
| #undef EVP_MD_CTX_destroy
| 
| /* Override any GCC internal prototype to avoid an error.
|    Use char because int might match the return type of a GCC
|    builtin and then its argument prototype would still apply.  */
| #ifdef __cplusplus
| extern "C"
| #endif
| char EVP_MD_CTX_destroy ();
| /* The GNU C library defines this for functions which it implements
|     to always fail with ENOSYS.  Some functions are actually named
|     something starting with __ and the normal name is an alias.  */
| #if defined __stub_EVP_MD_CTX_destroy || defined __stub___EVP_MD_CTX_destroy
| choke me
| #endif
| 
| int
| main (void)
| {
| return EVP_MD_CTX_destroy ();
|   ;
|   return 0;
| }
configure:4590: result: no
configure:4596: checking for EVP_MD_CTX_free
configure:4596: gcc -o conftest -g -O2   conftest.c -lssl -lcrypto -lc -lc -lc -lc  >&5
configure:4596: $? = 0
configure:4596: result: yes
configure:4602: checking for X509_check_host
configure:4602: gcc -o conftest -g -O2   conftest.c -lssl -lcrypto -lc -lc -lc -lc  >&5
configure:4602: $? = 0
configure:4602: result: yes
configure:4608: checking for SSL_set_tlsext_host_name
configure:4608: gcc -o conftest -g -O2   conftest.c -lssl -lcrypto -lc -lc -lc -lc  >&5
/usr/bin/ld: /tmp/ccfzjaCY.o: in function `main':
/home/colum/alaya-test/alaya-ooe/libUseful-bundled/conftest.c:76: undefined reference to `SSL_set_tlsext_host_name'
collect2: error: ld returned 1 exit status
configure:4608: $? = 1
configure: failed program was:
| /* confdefs.h */
| #define PACKAGE_NAME ""
| #define PACKAGE_TARNAME ""
| #define PACKAGE_VERSION ""
| #define PACKAGE_STRING ""
| #define PACKAGE_BUGREPORT ""
| #define PACKAGE_URL ""
| #define HAVE_LIBC 1
| #define HAVE_GET_CURR_DIR 1
| #define HAVE_PTSNAME_R 1
| #define HAVE_CLEARENV 1
| #define HAVE_SETRESUID 1
| #define HAVE_INITGROUPS 1
| #define HAVE_POLL 1
| #define HAVE_MLOCK 1
| #define HAVE_MLOCKALL 1
| #define HAVE_MUNLOCKALL 1
| #define HAVE_MADVISE 1
| #define HAVE_MKOSTEMP 1
| #define HAVE_MOUNT 1
| #define HAVE_UMOUNT 1
| #define HAVE_UMOUNT2 1
| #define HAVE_GETENTROPY 1
| #define HAVE_PRCTL 1
| #define HAVE_STDIO_H 1
| #define HAVE_STDLIB_H 1
| #define HAVE_STRING_H 1
| #define HAVE_INTTYPES_H 1
| #define HAVE_STDINT_H 1
| #define HAVE_STRINGS_H 1
| #define HAVE_SYS_STAT_H 1
| #define HAVE_SYS_TYPES_H 1
| #define HAVE_UNISTD_H 1
| #define STDC_HEADERS 1
| #define HAVE_SENDFILE 1
| #define USE_INET6 1
| #define HAVE_LIBC 1
| #define HAVE_XATTR 1
| #define HAVE_LIBC 1
| #define HAVE_UNSHARE 1
| #define HAVE_LIBC 1
| #define HAVE_SETNS 1
| #define HAVE_LIBCRYPTO 1
| #define HAVE_LIBSSL 1
| #define HAVE_EVP_MD_CTX_NEW 1
| #define HAVE_EVP_MD_CTX_FREE 1
| #define HAVE_X509_CHECK_HOST 1
| /* end confdefs.h.  */
| /* Define SSL_set_tlsext_host_name to an innocuous variant, in case <limits.h> declares SSL_set_tlsext_host_name.
|    For example, HP-UX 11i <limits.h> declares gettimeofday.  */
| #define SSL_set_tlsext_host_name innocuous_SSL_set_tlsext_host_name
| 
| /* System header to define __stub macros and hopefully few prototypes,
|    which can conflict with char SSL_set_tlsext_host_name (); below.  */
| 
| #include <limits.h>
| #undef SSL_set_tlsext_host_name
| 
| /* Override any GCC internal prototype to avoid an error.
|    Use char because int might match the return type of a GCC
|    builtin and then its argument prototype would still apply.  */
| #ifdef __cplusplus
| extern "C"
| #endif
| char SSL_set_tlsext_host_name ();
| /* The GNU C library defines this for functions which it implements
|     to always fail with ENOSYS.  Some functions are actually named
|     something starting with __ and the normal name is an alias.  */
| #if defined __stub_SSL_set_tlsext_host_name || defined __stub___SSL_set_tlsext_host_name
| choke me
| #endif
| 
| int
| main (void)
| {
| return SSL_set_tlsext_host_name ();
|   ;
|   return 0;
| }
configure:4608: result: no
configure:4614: checking for SSL_set_min_proto_version
configure:4614: gcc -o conftest -g -O2   conftest.c -lssl -lcrypto -lc -lc -lc -lc  >&5
/usr/bin/ld: /tmp/ccZDJ28C.o: in function `main':
/home/colum/alaya-test/alaya-ooe/libUseful-bundled/conftest.c:76: undefined reference to `SSL_set_min_proto_version'
collect2: error: ld returned 1 exit status
configure:4614: $? = 1
configure: failed program was:
| /* confdefs.h */
| #define PACKAGE_NAME ""
| #define PACKAGE_TARNAME ""
| #define PACKAGE_VERSION ""
| #define PACKAGE_STRING ""
| #define PACKAGE_BUGREPORT ""
| #define PACKAGE_URL ""
| #define HAVE_LIBC 1
| #define HAVE_GET_CURR_DIR 1
| #define HAVE_PTSNAME_R 1
| #define HAVE_CLEARENV 1
| #define HAVE_SETRESUID 1
| #define HAVE_INITGROUPS 1
| #define HAVE_POLL 1
| #define HAVE_MLOCK 1
| #define HAVE_MLOCKALL 1
| #define HAVE_MUNLOCKALL 1
| #define HAVE_MADVISE 1
| #define HAVE_MKOSTEMP 1
| #define HAVE_MOUNT 1
| #define HAVE_UMOUNT 1
| #define HAVE_UMOUNT2 1
| #define HAVE_GETENTROPY 1
| #define HAVE_PRCTL 1
| #define HAVE_STDIO_H 1
| #define HAVE_STDLIB_H 1
| #define HAVE_STRING_H 1
| #define HAVE_INTTYPES_H 1
| #define HAVE_STDINT_H 1
| #define HAVE_STRINGS_H 1
| #define HAVE_SYS_STAT_H 1
| #define HAVE_SYS_TYPES_H 1
| #define HAVE_UNISTD_H 1
| #define STDC_HEADERS 1
| #define HAVE_SENDFILE 1
| #define USE_INET6 1
| #define HAVE_LIBC 1
| #define HAVE_XATTR 1
| #define HAVE_LIBC 1
| #define HAVE_UNSHARE 1
| #define HAVE_LIBC 1
| #define HAVE_SETNS 1
| #define HAVE_LIBCRYPTO 1
| #define HAVE_LIBSSL 1
| #define HAVE_EVP_MD_CTX_NEW 1
| #define HAVE_EVP_MD_CTX_FREE 1
| #define HAVE_X509_CHECK_HOST 1
| /* end confdefs.h.  */
| /* Define SSL_set_min_proto_version to an innocuous variant, in case <limits.h> declares SSL_set_min_proto_version.
|    For example, HP-UX 11i <limits.h> declares gettimeofday.  */
| #define SSL_set_min_proto_version innocuous_SSL_set_min_proto_version
| 
| /* System header to define __stub macros and hopefully few prototypes,
|    which can conflict with char SSL_set_min_proto_version (); below.  */
| 
| #include <limits.h>
| #undef SSL_set_min_proto_version
| 
| /* Override any GCC internal prototype to avoid an error.
|    Use char because int might match the return type of a GCC
|    builtin and then its argument prototype would still apply.  */
| #ifdef __cplusplus
| extern "C"
| #endif
| char SSL_set_min_proto_version ();
| /* The GNU C library defines this for functions which it implements
|     to always fail with ENOSYS.  Some functions are actually named
|     something starting with __ and the normal name is an alias.  */
| #if defined __stub_SSL_set_min_proto_version || defined __stub___SSL_set_min_proto_version
| choke me
| #endif
| 
| int
| main (void)
| {
| return SSL_set_min_proto_version ();
|   ;
|   return 0;
| }
configure:4614: result: no
configure:4620: checking for EVP_CIPHER_fetch
configure:4620: gcc -o conftest -g -O2   conftest.c -lssl -lcrypto -lc -lc -lc -lc  >&5
configure:4620: $? = 0
configure:4620: result: yes
configure:4629: checking for gcc options needed to detect all undeclared functions
configure:4651: gcc -c -g -O2   conftest.c >&5
conftest.c: In function 'main':
conftest.c:54:8: error: 'strchr' undeclared (first use in this function)
   54 | (void) strchr;
      |        ^~~~~~
conftest.c:1:1: note: 'strchr' is defined in header '<string.h>'; did you forget to '#include <string.h>'?
    1 | /* confdefs.h */
conftest.c:54:8: note: each undeclared identifier is reported only once for each function it appears in
   54 | (void) strchr;
      |        ^~~~~~
configure:4651: $? = 1
configure: failed program was:
| /* confdefs.h */
| #define PACKAGE_NAME ""
| #define PACKAGE_TARNAME ""
| #define PACKAGE_VERSION ""
| #define PACKAGE_STRING ""
| #define PACKAGE_BUGREPORT ""
| #define PACKAGE_URL ""
| #define HAVE_LIBC 1
| #define HAVE_GET_CURR_DIR 1
| #define HAVE_PTSNAME_R 1
| #define HAVE_CLEARENV 1
| #define HAVE_SETRESUID 1
| #define HAVE_INITGROUPS 1
| #define HAVE_POLL 1
| #define HAVE_MLOCK 1
| #define HAVE_MLOCKALL 1
| #define HAVE_MUNLOCKALL 1
| #define HAVE_MADVISE 1
| #define HAVE_MKOSTEMP 1
| #define HAVE_MOUNT 1
| #define HAVE_UMOUNT 1
| #define HAVE_UMOUNT2 1
| #define HAVE_GETENTROPY 1
| #define HAVE_PRCTL 1
| #define HAVE_STDIO_H 1
| #define HAVE_STDLIB_H 1
| #define HAVE_STRING_H 1
| #define HAVE_INTTYPES_H 1
| #define HAVE_STDINT_H 1
| #define HAVE_STRINGS_H 1
| #define HAVE_SYS_STAT_H 1
| #define HAVE_SYS_TYPES_H 1
| #define HAVE_UNISTD_H 1
| #define STDC_HEADERS 1
| #define HAVE_SENDFILE 1
| #define USE_INET6 1
| #define HAVE_LIBC 1
| #define HAVE_XATTR 1
| #define HAVE_LIBC 1
| #define HAVE_UNSHARE 1
| #define HAVE_LIBC 1
| #define HAVE_SETNS 1
| #define HAVE_LIBCRYPTO 1
| #define HAVE_LIBSSL 1
| #define HAVE_EVP_MD_CTX_NEW 1
| #define HAVE_EVP_MD_CTX_FREE 1
| #define HAVE_X509_CHECK_HOST 1
| #define HAVE_EVP_CIPHER_FETCH 1
| /* end confdefs.h.  */
| 
| int
| main (void)
| {
| (void) strchr;
|   ;
|   return 0;
| }
configure:4678: gcc -c -g -O2   conftest.c >&5
configure:4678: $? = 0
configure:4695: result: none needed
configure:4709: checking whether OpenSSL_add_all_algorithms is declared
configure:4709: gcc -c -g -O2   conftest.c >&5
configure:4709: $? = 0
configure:4709: result: yes
configure:4724: checking whether SSL_set_tlsext_host_name is declared
configure:4724: gcc -c -g -O2   conftest.c >&5
configure:4724: $? = 0
configure:4724: result: yes
configure:4740: checking that OpenSSL Library is at least version 0.9.7
configure:4747: checking how to run the C preprocessor
configure:4773: gcc -E  conftest.c
configure:4773: $? = 0
configure:4788: gcc -E  conftest.c
conftest.c:54:10: fatal error: ac_nonexistent.h: No such file or directory
   54 | #include <ac_nonexistent.h>
      |          ^~~~~~~~~~~~~~~~~~
compilation terminated.
configure:4788: $? = 1
configure: failed program was:
| /* confdefs.h */
| #define PACKAGE_NAME ""
| #define PACKAGE_TARNAME ""
| #define PACKAGE_VERSION ""
| #define PACKAGE_STRING ""
| #define PACKAGE_BUGREPORT ""
| #define PACKAGE_URL ""
| #define HAVE_LIBC 1
| #define HAVE_GET_CURR_DIR 1
| #define HAVE_PTSNAME_R 1
| #define HAVE_CLEARENV 1
| #define HAVE_SETRESUID 1
| #define HAVE_INITGROUPS 1
| #define HAVE_POLL 1
| #define HAVE_MLOCK 1
| #define HAVE_MLOCKALL 1
| #define HAVE_MUNLOCKALL 1
| #define HAVE_MADVISE 1
| #define HAVE_MKOSTEMP 1
| #define HAVE_MOUNT 1
| #define HAVE_UMOUNT 1
| #define HAVE_UMOUNT2 1
| #define HAVE_GETENTROPY 1
| #define HAVE_PRCTL 1
| #define HAVE_STDIO_H 1
| #define HAVE_STDLIB_H 1
| #define HAVE_STRING_H 1
| #define HAVE_INTTYPES_H 1
| #define HAVE_STDINT_H 1
| #define HAVE_STRINGS_H 1
| #define HAVE_SYS_STAT_H 1
| #define HAVE_SYS_TYPES_H 1
| #define HAVE_UNISTD_H 1
| #define STDC_HEADERS 1
| #define HAVE_SENDFILE 1
| #define USE_INET6 1
| #define HAVE_LIBC 1
| #define HAVE_XATTR 1
| #define HAVE_LIBC 1
| #define HAVE_UNSHARE 1
| #define HAVE_LIBC 1
| #define HAVE_SETNS 1
| #define HAVE_LIBCRYPTO 1
| #define HAVE_LIBSSL 1
| #define HAVE_EVP_MD_CTX_NEW 1
| #define HAVE_EVP_MD_CTX_FREE 1
| #define HAVE_X509_CHECK_HOST 1
| #define HAVE_EVP_CIPHER_FETCH 1
| #define HAVE_DECL_OPENSSL_ADD_ALL_ALGORITHMS 1
| #define HAVE_OPENSSL_ADD_ALL_ALGORITHMS 1
| #define HAVE_DECL_SSL_SET_TLSEXT_HOST_NAME 1
| #define HAVE_SSL_SET_TLSEXT_HOST_NAME 1
| /* end confdefs.h.  */
| #include <ac_nonexistent.h>
configure:4815: result: gcc -E
configure:4829: gcc -E  conftest.c
configure:4829: $? = 0
configure:4844: gcc -E  conftest.c
conftest.c:54:10: fatal error: ac_nonexistent.h: No such file or directory
   54 | #include <ac_nonexistent.h>
      |          ^~~~~~~~~~~~~~~~~~
compilation terminated.
configure:4844: $? = 1
configure: failed program was:
| /* confdefs.h */
| #define PACKAGE_NAME ""
| #define PACKAGE_TARNAME ""
| #define PACKAGE_VERSION ""
| #define PACKAGE_STRING ""
| #define PACKAGE_BUGREPORT ""
| #define PACKAGE_URL ""
| #define HAVE_LIBC 1
| #define HAVE_GET_CURR_DIR 1
| #define HAVE_PTSNAME_R 1
| #define HAVE_CLEARENV 1
| #define HAVE_SETRESUID 1
| #define HAVE_INITGROUPS 1
| #define HAVE_POLL 1
| #define HAVE_MLOCK 1
| #define HAVE_MLOCKALL 1
| #define HAVE_MUNLOCKALL 1
| #define HAVE_MADVISE 1
| #define HAVE_MKOSTEMP 1
| #define HAVE_MOUNT 1
| #define HAVE_UMOUNT 1
| #define HAVE_UMOUNT2 1
| #define HAVE_GETENTROPY 1
| #define HAVE_PRCTL 1
| #define HAVE_STDIO_H 1
| #define HAVE_STDLIB_H 1
| #define HAVE_STRING_H 1
| #define HAVE_INTTYPES_H 1
| #define HAVE_STDINT_H 1
| #define HAVE_STRINGS_H 1
| #define HAVE_SYS_STAT_H 1
| #define HAVE_SYS_TYPES_H 1
| #define HAVE_UNISTD_H 1
| #define STDC_HEADERS 1
| #define HAVE_SENDFILE 1
| #define USE_INET6 1
| #define HAVE_LIBC 1
| #define HAVE_XATTR 1
| #define HAVE_LIBC 1
| #define HAVE_UNSHARE 1
| #define HAVE_LIBC 1
| #define HAVE_SETNS 1
| #define HAVE_LIBCRYPTO 1
| #define HAVE_LIBSSL 1
| #define HAVE_EVP_MD_CTX_NEW 1
| #define HAVE_EVP_MD_CTX_FREE 1
| #define HAVE_X509_CHECK_HOST 1
| #define HAVE_EVP_CIPHER_FETCH 1
| #define HAVE_DECL_OPENSSL_ADD_ALL_ALGORITHMS 1
| #define HAVE_OPENSSL_ADD_ALL_ALGORITHMS 1
| #define HAVE_DECL_SSL_SET_TLSEXT_HOST_NAME 1
| #define HAVE_SSL_SET_TLSEXT_HOST_NAME 1
| /* end confdefs.h.  */
| #include <ac_nonexistent.h>
configure:4888: result: yes
configure:4920: checking for deflate in -lz
configure:4943: gcc -o conftest -g -O2   conftest.c -lz  -lssl -lcrypto -lc -lc -lc -lc  >&5
configure:4943: $? = 0
configure:4953: result: yes
configure:5297: creating ./config.status

## ---------------------- ##
## Running config.status. ##
## ---------------------- ##

This file was extended by config.status, which was
generated by GNU Autoconf 2.71.  Invocation command line was

  CONFIG_FILES    = 
  CONFIG_HEADERS  = 
  CONFIG_LINKS    = 
  CONFIG_COMMANDS = 
  $ ./config.status 

on colum-HP-ProDesk-400-G1-SFF

config.status:725: creating Makefile

## ---------------- ##
## Cache variables. ##
## ---------------- ##

ac_cv_c_compiler_gnu=yes
ac_cv_c_undeclared_builtin_options='none needed'
ac_cv_env_CC_set=
ac_cv_env_CC_value=
ac_cv_env_CFLAGS_set=
ac_cv_env_CFLAGS_value=
ac_cv_env_CPPFLAGS_set=
ac_cv_env_CPPFLAGS_value=
ac_cv_env_CPP_set=
ac_cv_env_CPP_value=
ac_cv_env_LDFLAGS_set=
ac_cv_env_LDFLAGS_value=
ac_cv_env_LIBS_set=
ac_cv_env_LIBS_value=
ac_cv_env_build_alias_set=
ac_cv_env_build_alias_value=
ac_cv_env_host_alias_set=
ac_cv_env_host_alias_value=
ac_cv_env_target_alias_set=
ac_cv_env_target_alias_value=
ac_cv_func_EVP_CIPHER_fetch=yes
ac_cv_func_EVP_MD_CTX_create=no
ac_cv_func_EVP_MD_CTX_destroy=no
ac_cv_func_EVP_MD_CTX_free=yes
ac_cv_func_EVP_MD_CTX_new=yes
ac_cv_func_OpenSSL_add_all_algorithms=no
ac_cv_func_SSL_set_min_proto_version=no
ac_cv_func_SSL_set_tlsext_host_name=no
ac_cv_func_X509_check_host=yes
ac_cv_func_clearenv=yes
ac_cv_func_getentropy=yes
ac_cv_func_htonll=no
ac_cv_func_initgroups=yes
ac_cv_func_madvise=yes
ac_cv_func_mkostemp=yes
ac_cv_func_mlock=yes
ac_cv_func_mlockall=yes
ac_cv_func_mount=yes
ac_cv_func_munlockall=yes
ac_cv_func_ntohll=no
ac_cv_func_poll=yes
ac_cv_func_prctl=yes
ac_cv_func_ptsname_r=yes
ac_cv_func_sendfile=yes
ac_cv_func_setresuid=yes
ac_cv_func_umount2=yes
ac_cv_func_umount=yes
ac_cv_have_decl_OpenSSL_add_all_algorithms=yes
ac_cv_have_decl_SSL_set_tlsext_host_name=yes
ac_cv_header_inttypes_h=yes
ac_cv_header_openssl_crypto_h=yes
ac_cv_header_openssl_ssl_h=yes
ac_cv_header_stdint_h=yes
ac_cv_header_stdio_h=yes
ac_cv_header_stdlib_h=yes
ac_cv_header_string_h=yes
ac_cv_header_strings_h=yes
ac_cv_header_sys_sendfile_h=yes
ac_cv_header_sys_stat_h=yes
ac_cv_header_sys_types_h=yes
ac_cv_header_unistd_h=yes
ac_cv_lib_c_get_current_dir_name=yes
ac_cv_lib_c_getxattr=yes
ac_cv_lib_c_setns=yes
ac_cv_lib_c_unshare=yes
ac_cv_lib_crypto_EVP_CIPHER_CTX_init=no
ac_cv_lib_crypto_EVP_CIPHER_CTX_new=yes
ac_cv_lib_ssl_OPENSSL_init_ssl=yes
ac_cv_lib_ssl_SSL_library_init=no
ac_cv_lib_z_deflate=yes
ac_cv_objext=o
ac_cv_path_EGREP='/usr/bin/grep -E'
ac_cv_path_GREP=/usr/bin/grep
ac_cv_prog_CPP='gcc -E'
ac_cv_prog_ac_ct_CC=gcc
ac_cv_prog_cc_c11=
ac_cv_prog_cc_g=yes
ac_cv_prog_cc_stdc=
ac_cv_prog_make_make_set=yes
ac_cv_sys_file_offset_bits=no
ac_cv_sys_largefile_CC=no

## ----------------- ##
## Output variables. ##
## ----------------- ##

AR='ar'
CC='gcc'
CFLAGS='-g -O2'
CPP='gcc -E'
CPPFLAGS=''
DEFS='-DPACKAGE_NAME=\"\" -DPACKAGE_TARNAME=\"\" -DPACKAGE_VERSION=\"\" -DPACKAGE_STRING=\"\" -DPACKAGE_BUGREPORT=\"\" -DPACKAGE_URL=\"\" -DHAVE_LIBC=1 -DHAVE_GET_CURR_DIR=1 -DHAVE_PTSNAME_R=1 -DHAVE_CLEARENV=1 -DHAVE_SETRESUID=1 -DHAVE_INITGROUPS=1 -DHAVE_POLL=1 -DHAVE_MLOCK=1 -DHAVE_MLOCKALL=1 -DHAVE_MUNLOCKALL=1 -DHAVE_MADVISE=1 -DHAVE_MKOSTEMP=1 -DHAVE_MOUNT=1 -DHAVE_UMOUNT=1 -DHAVE_UMOUNT2=1 -DHAVE_GETENTROPY=1 -DHAVE_PRCTL=1 -DHAVE_STDIO_H=1 -DHAVE_STDLIB_H=1 -DHAVE_STRING_H=1 -DHAVE_INTTYPES_H=1 -DHAVE_STDINT_H=1 -DHAVE_STRINGS_H=1 -DHAVE_SYS_STAT_H=1 -DHAVE_SYS_TYPES_H=1 -DHAVE_UNISTD_H=1 -DSTDC_HEADERS=1 -DHAVE_SENDFILE=1 -DUSE_INET6=1 -DHAVE_LIBC=1 -DHAVE_XATTR=1 -DHAVE_LIBC=1 -DHAVE_UNSHARE=1 -DHAVE_LIBC=1 -DHAVE_SETNS=1 -DHAVE_LIBCRYPTO=1 -DHAVE_LIBSSL=1 -DHAVE_EVP_MD_CTX_NEW=1 -DHAVE_EVP_MD_CTX_FREE=1 -DHAVE_X509_CHECK_HOST=1 -DHAVE_EVP_CIPHER_FETCH=1 -DHAVE_DECL_OPENSSL_ADD_ALL_ALGORITHMS=1 -DHAVE_OPENSSL_ADD_ALL_ALGORITHMS=1 -DHAVE_DECL_SSL_SET_TLSEXT_HOST_NAME=1 -DHAVE_SSL_SET_TLSEXT_HOST_NAME=1 -DHAVE_LIBZ=1'
ECHO_C=''
ECHO_N='-n'
ECHO_T=''
EGREP='/usr/bin/grep -E'
EXEEXT=''
GREP='/usr/bin/grep'
LDFLAGS=''
LIBOBJS=''
LIBS='-lz -lssl -lcrypto -lc -lc -lc -lc '
LTLIBOBJS=''
OBJEXT='o'
PACKAGE_BUGREPORT=''
PACKAGE_NAME=''
PACKAGE_STRING=''
PACKAGE_TARNAME=''
PACKAGE_URL=''
PACKAGE_VERSION=''
PATH_SEPARATOR=':'
SET_MAKE=''
SHELL='/bin/bash'
SIMD_CFLAGS=''
SONAME_FLAGS='-Wl,-soname,${SONAME}'
ac_ct_CC='gcc'
bindir='${exec_prefix}/bin'
build_alias=''
datadir='${datarootdir}'
datarootdir='${prefix}/share'
docdir='${datarootdir}/doc/${PACKAGE}'
dvidir='${docdir}'
exec_prefix='${prefix}'
host_alias=''
htmldir='${docdir}'
includedir='${prefix}/include'
infodir='${datarootdir}/info'
libdir='${exec_prefix}/lib'
libexecdir='${exec_prefix}/libexec'
localedir='${datarootdir}/locale'
localstatedir='${prefix}/var'
mandir='${datarootdir}/man'
oldincludedir='/usr/include'
pdfdir='${docdir}'
prefix='/usr/local'
program_transform_name='s,x,x,'
psdir='${docdir}'
runstatedir='${localstatedir}/run'
sbindir='${exec_prefix}/sbin'
sharedstatedir='${prefix}/com'
sysconfdir='${prefix}/etc'
target_alias=''

## ----------- ##
## confdefs.h. ##
## ----------- ##

/* confdefs.h */
#define PACKAGE_NAME ""
#define PACKAGE_TARNAME ""
#define PACKAGE_VERSION ""
#define PACKAGE_STRING ""
#define PACKAGE_BUGREPORT ""
#define PACKAGE_URL ""
#define HAVE_LIBC 1
#define HAVE_GET_CURR_DIR 1
#define HAVE_PTSNAME_R 1
#define HAVE_CLEARENV 1
#define HAVE_SETRESUID 1
#define HAVE_INITGROUPS 1
#define HAVE_POLL 1
#define HAVE_MLOCK 1
#define HAVE_MLOCKALL 1
#define HAVE_MUNLOCKALL 1
#define HAVE_MADVISE 1
#define HAVE_MKOSTEMP 1
#define HAVE_MOUNT 1
#define HAVE_UMOUNT 1
#define HAVE_UMOUNT2 1
#define HAVE_GETENTROPY 1
#define HAVE_PRCTL 1
#define HAVE_STDIO_H 1
#define HAVE_STDLIB_H 1
#define HAVE_STRING_H 1
#define HAVE_INTTYPES_H 1
#define HAVE_STDINT_H 1
#define HAVE_STRINGS_H 1
#define HAVE_SYS_STAT_H 1
#define HAVE_SYS_TYPES_H 1
#define HAVE_UNISTD_H 1
#define STDC_HEADERS 1
#define HAVE_SENDFILE 1
#define USE_INET6 1
#define HAVE_LIBC 1
#define HAVE_XATTR 1
#define HAVE_LIBC 1
#define HAVE_UNSHARE 1
#define HAVE_LIBC 1
#define HAVE_SETNS 1
#define HAVE_LIBCRYPTO 1
#define HAVE_LIBSSL 1
#define HAVE_EVP_MD_CTX_NEW 1
#define HAVE_EVP_MD_CTX_FREE 1
#define HAVE_X509_CHECK_HOST 1
#define HAVE_EVP_CIPHER_FETCH 1
#define HAVE_DECL_OPENSSL_ADD_ALL_ALGORITHMS 1
#define HAVE_OPENSSL_ADD_ALL_ALGORITHMS 1
#define HAVE_DECL_SSL_SET_TLSEXT_HOST_NAME 1
#define HAVE_SSL_SET_TLSEXT_HOST_NAME 1
#define HAVE_LIBZ 1

configure: exit 0
