This file contains any messages produced by compilers while
running configure, to aid debugging if configure makes a mistake.

It was created by configure, which was
generated by GNU Autoconf 2.69.  Invocation command line was

  $ ./configure --enable-ssl --enable-largefiles

## --------- ##
## Platform. ##
## --------- ##

hostname = bluebox1
uname -m = i686
uname -r = 3.1.0-rc4-cold-486
uname -s = Linux
uname -v = #4 Tue Nov 15 18:52:45 UTC 2011

/usr/bin/uname -p = unknown
/bin/uname -X     = unknown

/bin/arch              = i686
/usr/bin/arch -k       = unknown
/usr/convex/getsysinfo = unknown
/usr/bin/hostinfo      = unknown
/bin/machine           = unknown
/usr/bin/oslevel       = unknown
/bin/universe          = unknown

PATH: /usr/prebin
PATH: /usr/bin
PATH: /bin


## ----------- ##
## Core tests. ##
## ----------- ##

configure:2144: checking for gcc
configure:2160: found /usr/bin/gcc
configure:2171: result: gcc
configure:2400: checking for C compiler version
configure:2409: gcc --version >&5
gcc (GCC) 4.1.2 20070205 (prerelease)
Copyright (C) 2006 Free Software Foundation, Inc.
This is free software; see the source for copying conditions.  There is NO
warranty; not even for MERCHANTABILITY or FITNESS FOR A PARTICULAR PURPOSE.

configure:2420: $? = 0
configure:2409: gcc -v >&5
Using built-in specs.
Target: i486-pc-linux-gnu
Configured with: ../gcc-4.1-20070205/configure --enable-languages=c,c++ --prefix=/usr
Thread model: posix
gcc version 4.1.2 20070205 (prerelease)
configure:2420: $? = 0
configure:2409: gcc -V >&5
gcc: '-V' option must have argument
configure:2420: $? = 1
configure:2409: gcc -qversion >&5
gcc: unrecognized option '-qversion'
gcc: no input files
configure:2420: $? = 1
configure:2440: checking whether the C compiler works
configure:2462: gcc    conftest.c  >&5
configure:2466: $? = 0
configure:2514: result: yes
configure:2517: checking for C compiler default output file name
configure:2519: result: a.out
configure:2525: checking for suffix of executables
configure:2532: gcc -o conftest    conftest.c  >&5
configure:2536: $? = 0
configure:2558: result: 
configure:2580: checking whether we are cross compiling
configure:2588: gcc -o conftest    conftest.c  >&5
configure:2592: $? = 0
configure:2599: ./conftest
configure:2603: $? = 0
configure:2618: result: no
configure:2623: checking for suffix of object files
configure:2645: gcc -c   conftest.c >&5
configure:2649: $? = 0
configure:2670: result: o
configure:2674: checking whether we are using the GNU C compiler
configure:2693: gcc -c   conftest.c >&5
configure:2693: $? = 0
configure:2702: result: yes
configure:2711: checking whether gcc accepts -g
configure:2731: gcc -c -g  conftest.c >&5
configure:2731: $? = 0
configure:2772: result: yes
configure:2789: checking for gcc option to accept ISO C89
configure:2852: gcc  -c -g -O2  conftest.c >&5
configure:2852: $? = 0
configure:2865: result: none needed
configure:2891: checking whether make sets $(MAKE)
configure:2917: result: no
configure:2928: checking how to run the C preprocessor
configure:2959: gcc -E  conftest.c
configure:2959: $? = 0
configure:2973: gcc -E  conftest.c
conftest.c:9:28: error: ac_nonexistent.h: No such file or directory
configure:2973: $? = 1
configure: failed program was:
| /* confdefs.h */
| #define PACKAGE_NAME ""
| #define PACKAGE_TARNAME ""
| #define PACKAGE_VERSION ""
| #define PACKAGE_STRING ""
| #define PACKAGE_BUGREPORT ""
| #define PACKAGE_URL ""
| /* end confdefs.h.  */
| #include <ac_nonexistent.h>
configure:2998: result: gcc -E
configure:3018: gcc -E  conftest.c
configure:3018: $? = 0
configure:3032: gcc -E  conftest.c
conftest.c:9:28: error: ac_nonexistent.h: No such file or directory
configure:3032: $? = 1
configure: failed program was:
| /* confdefs.h */
| #define PACKAGE_NAME ""
| #define PACKAGE_TARNAME ""
| #define PACKAGE_VERSION ""
| #define PACKAGE_STRING ""
| #define PACKAGE_BUGREPORT ""
| #define PACKAGE_URL ""
| /* end confdefs.h.  */
| #include <ac_nonexistent.h>
configure:3061: checking for grep that handles long lines and -e
configure:3119: result: /usr/bin/grep
configure:3124: checking for egrep
configure:3186: result: /usr/bin/grep -E
configure:3191: checking for ANSI C header files
configure:3211: gcc -c -g -O2  conftest.c >&5
configure:3211: $? = 0
configure:3284: gcc -o conftest -g -O2   conftest.c  >&5
configure:3284: $? = 0
configure:3284: ./conftest
configure:3284: $? = 0
configure:3295: result: yes
configure:3333: checking for SSL_library_init in -lssl
configure:3358: gcc -o conftest -g -O2   conftest.c -lssl   >&5
configure:3358: $? = 0
configure:3367: result: yes
configure:3380: checking for EVP_CIPHER_CTX_init in -lcrypto
configure:3405: gcc -o conftest -g -O2   conftest.c -lcrypto  -lssl  >&5
configure:3405: $? = 0
configure:3414: result: yes
configure:3430: checking for OpenSSL_add_all_algorithms
configure:3430: gcc -o conftest -g -O2   conftest.c -lcrypto -lssl  >&5
/tmp/ccatTq0i.o: In function `main':
/home/metacosm89/paranoid-telnetd-0.1/libUseful-2.0/conftest.c:48: undefined reference to `OpenSSL_add_all_algorithms'
collect2: ld returned 1 exit status
configure:3430: $? = 1
configure: failed program was:
| /* confdefs.h */
| #define PACKAGE_NAME ""
| #define PACKAGE_TARNAME ""
| #define PACKAGE_VERSION ""
| #define PACKAGE_STRING ""
| #define PACKAGE_BUGREPORT ""
| #define PACKAGE_URL ""
| #define STDC_HEADERS 1
| #define _LARGEFILE64_SOURCE 1
| #define _FILE_OFFSET_BITS 64
| #define HAVE_LIBSSL 1
| #define HAVE_LIBCRYPTO 1
| /* end confdefs.h.  */
| /* Define OpenSSL_add_all_algorithms to an innocuous variant, in case <limits.h> declares OpenSSL_add_all_algorithms.
|    For example, HP-UX 11i <limits.h> declares gettimeofday.  */
| #define OpenSSL_add_all_algorithms innocuous_OpenSSL_add_all_algorithms
| 
| /* System header to define __stub macros and hopefully few prototypes,
|     which can conflict with char OpenSSL_add_all_algorithms (); below.
|     Prefer <limits.h> to <assert.h> if __STDC__ is defined, since
|     <limits.h> exists even on freestanding compilers.  */
| 
| #ifdef __STDC__
| # include <limits.h>
| #else
| # include <assert.h>
| #endif
| 
| #undef OpenSSL_add_all_algorithms
| 
| /* Override any GCC internal prototype to avoid an error.
|    Use char because int might match the return type of a GCC
|    builtin and then its argument prototype would still apply.  */
| #ifdef __cplusplus
| extern "C"
| #endif
| char OpenSSL_add_all_algorithms ();
| /* The GNU C library defines this for functions which it implements
|     to always fail with ENOSYS.  Some functions are actually named
|     something starting with __ and the normal name is an alias.  */
| #if defined __stub_OpenSSL_add_all_algorithms || defined __stub___OpenSSL_add_all_algorithms
| choke me
| #endif
| 
| int
| main ()
| {
| return OpenSSL_add_all_algorithms ();
|   ;
|   return 0;
| }
configure:3430: result: no
configure:3430: checking for EVP_bf_cbc
configure:3430: gcc -o conftest -g -O2   conftest.c -lcrypto -lssl  >&5
configure:3430: $? = 0
configure:3430: result: yes
configure:3430: checking for EVP_rc2_cbc
configure:3430: gcc -o conftest -g -O2   conftest.c -lcrypto -lssl  >&5
configure:3430: $? = 0
configure:3430: result: yes
configure:3430: checking for EVP_rc4
configure:3430: gcc -o conftest -g -O2   conftest.c -lcrypto -lssl  >&5
configure:3430: $? = 0
configure:3430: result: yes
configure:3430: checking for EVP_rc5_32_12_16_cbc
configure:3430: gcc -o conftest -g -O2   conftest.c -lcrypto -lssl  >&5
/tmp/cc4LbtVi.o: In function `main':
/home/metacosm89/paranoid-telnetd-0.1/libUseful-2.0/conftest.c:51: undefined reference to `EVP_rc5_32_12_16_cbc'
collect2: ld returned 1 exit status
configure:3430: $? = 1
configure: failed program was:
| /* confdefs.h */
| #define PACKAGE_NAME ""
| #define PACKAGE_TARNAME ""
| #define PACKAGE_VERSION ""
| #define PACKAGE_STRING ""
| #define PACKAGE_BUGREPORT ""
| #define PACKAGE_URL ""
| #define STDC_HEADERS 1
| #define _LARGEFILE64_SOURCE 1
| #define _FILE_OFFSET_BITS 64
| #define HAVE_LIBSSL 1
| #define HAVE_LIBCRYPTO 1
| #define HAVE_EVP_BF_CBC 1
| #define HAVE_EVP_RC2_CBC 1
| #define HAVE_EVP_RC4 1
| /* end confdefs.h.  */
| /* Define EVP_rc5_32_12_16_cbc to an innocuous variant, in case <limits.h> declares EVP_rc5_32_12_16_cbc.
|    For example, HP-UX 11i <limits.h> declares gettimeofday.  */
| #define EVP_rc5_32_12_16_cbc innocuous_EVP_rc5_32_12_16_cbc
| 
| /* System header to define __stub macros and hopefully few prototypes,
|     which can conflict with char EVP_rc5_32_12_16_cbc (); below.
|     Prefer <limits.h> to <assert.h> if __STDC__ is defined, since
|     <limits.h> exists even on freestanding compilers.  */
| 
| #ifdef __STDC__
| # include <limits.h>
| #else
| # include <assert.h>
| #endif
| 
| #undef EVP_rc5_32_12_16_cbc
| 
| /* Override any GCC internal prototype to avoid an error.
|    Use char because int might match the return type of a GCC
|    builtin and then its argument prototype would still apply.  */
| #ifdef __cplusplus
| extern "C"
| #endif
| char EVP_rc5_32_12_16_cbc ();
| /* The GNU C library defines this for functions which it implements
|     to always fail with ENOSYS.  Some functions are actually named
|     something starting with __ and the normal name is an alias.  */
| #if defined __stub_EVP_rc5_32_12_16_cbc || defined __stub___EVP_rc5_32_12_16_cbc
| choke me
| #endif
| 
| int
| main ()
| {
| return EVP_rc5_32_12_16_cbc ();
|   ;
|   return 0;
| }
configure:3430: result: no
configure:3430: checking for EVP_des_cbc
configure:3430: gcc -o conftest -g -O2   conftest.c -lcrypto -lssl  >&5
configure:3430: $? = 0
configure:3430: result: yes
configure:3430: checking for EVP_desx_cbc
configure:3430: gcc -o conftest -g -O2   conftest.c -lcrypto -lssl  >&5
configure:3430: $? = 0
configure:3430: result: yes
configure:3430: checking for EVP_cast5_cbc
configure:3430: gcc -o conftest -g -O2   conftest.c -lcrypto -lssl  >&5
configure:3430: $? = 0
configure:3430: result: yes
configure:3430: checking for EVP_idea_cbc
configure:3430: gcc -o conftest -g -O2   conftest.c -lcrypto -lssl  >&5
configure:3430: $? = 0
configure:3430: result: yes
configure:3430: checking for EVP_aes_128_cbc
configure:3430: gcc -o conftest -g -O2   conftest.c -lcrypto -lssl  >&5
configure:3430: $? = 0
configure:3430: result: yes
configure:3430: checking for EVP_aes_256_cbc
configure:3430: gcc -o conftest -g -O2   conftest.c -lcrypto -lssl  >&5
configure:3430: $? = 0
configure:3430: result: yes
configure:3440: checking that OpenSSL Library is at least version 0.9.7
configure:3454: result: yes
configure:3546: checking for sys/types.h
configure:3546: gcc -c -g -O2  conftest.c >&5
configure:3546: $? = 0
configure:3546: result: yes
configure:3546: checking for sys/stat.h
configure:3546: gcc -c -g -O2  conftest.c >&5
configure:3546: $? = 0
configure:3546: result: yes
configure:3546: checking for stdlib.h
configure:3546: gcc -c -g -O2  conftest.c >&5
configure:3546: $? = 0
configure:3546: result: yes
configure:3546: checking for string.h
configure:3546: gcc -c -g -O2  conftest.c >&5
configure:3546: $? = 0
configure:3546: result: yes
configure:3546: checking for memory.h
configure:3546: gcc -c -g -O2  conftest.c >&5
configure:3546: $? = 0
configure:3546: result: yes
configure:3546: checking for strings.h
configure:3546: gcc -c -g -O2  conftest.c >&5
configure:3546: $? = 0
configure:3546: result: yes
configure:3546: checking for inttypes.h
configure:3546: gcc -c -g -O2  conftest.c >&5
configure:3546: $? = 0
configure:3546: result: yes
configure:3546: checking for stdint.h
configure:3546: gcc -c -g -O2  conftest.c >&5
configure:3546: $? = 0
configure:3546: result: yes
configure:3546: checking for unistd.h
configure:3546: gcc -c -g -O2  conftest.c >&5
configure:3546: $? = 0
configure:3546: result: yes
configure:3558: checking sys/soundcard.h usability
configure:3558: gcc -c -g -O2  conftest.c >&5
configure:3558: $? = 0
configure:3558: result: yes
configure:3558: checking sys/soundcard.h presence
configure:3558: gcc -E  conftest.c
configure:3558: $? = 0
configure:3558: result: yes
configure:3558: checking for sys/soundcard.h
configure:3558: result: yes
configure:3775: creating ./config.status

## ---------------------- ##
## Running config.status. ##
## ---------------------- ##

This file was extended by config.status, which was
generated by GNU Autoconf 2.69.  Invocation command line was

  CONFIG_FILES    = 
  CONFIG_HEADERS  = 
  CONFIG_LINKS    = 
  CONFIG_COMMANDS = 
  $ ./config.status 

on bluebox1

config.status:727: creating Makefile

## ---------------- ##
## Cache variables. ##
## ---------------- ##

ac_cv_c_compiler_gnu=yes
ac_cv_env_CC_set=
ac_cv_env_CC_value=
ac_cv_env_CFLAGS_set=
ac_cv_env_CFLAGS_value=
ac_cv_env_CPPFLAGS_set=
ac_cv_env_CPPFLAGS_value=
ac_cv_env_CPP_set=
ac_cv_env_CPP_value=
ac_cv_env_LDFLAGS_set=
ac_cv_env_LDFLAGS_value=
ac_cv_env_LIBS_set=
ac_cv_env_LIBS_value=
ac_cv_env_build_alias_set=
ac_cv_env_build_alias_value=
ac_cv_env_host_alias_set=
ac_cv_env_host_alias_value=
ac_cv_env_target_alias_set=
ac_cv_env_target_alias_value=
ac_cv_func_EVP_aes_128_cbc=yes
ac_cv_func_EVP_aes_256_cbc=yes
ac_cv_func_EVP_bf_cbc=yes
ac_cv_func_EVP_cast5_cbc=yes
ac_cv_func_EVP_des_cbc=yes
ac_cv_func_EVP_desx_cbc=yes
ac_cv_func_EVP_idea_cbc=yes
ac_cv_func_EVP_rc2_cbc=yes
ac_cv_func_EVP_rc4=yes
ac_cv_func_EVP_rc5_32_12_16_cbc=no
ac_cv_func_OpenSSL_add_all_algorithms=no
ac_cv_header_inttypes_h=yes
ac_cv_header_memory_h=yes
ac_cv_header_stdc=yes
ac_cv_header_stdint_h=yes
ac_cv_header_stdlib_h=yes
ac_cv_header_string_h=yes
ac_cv_header_strings_h=yes
ac_cv_header_sys_soundcard_h=yes
ac_cv_header_sys_stat_h=yes
ac_cv_header_sys_types_h=yes
ac_cv_header_unistd_h=yes
ac_cv_lib_crypto_EVP_CIPHER_CTX_init=yes
ac_cv_lib_ssl_SSL_library_init=yes
ac_cv_objext=o
ac_cv_path_EGREP='/usr/bin/grep -E'
ac_cv_path_GREP=/usr/bin/grep
ac_cv_prog_CPP='gcc -E'
ac_cv_prog_ac_ct_CC=gcc
ac_cv_prog_cc_c89=
ac_cv_prog_cc_g=yes
ac_cv_prog_make_make_set=no

## ----------------- ##
## Output variables. ##
## ----------------- ##

CC='gcc'
CFLAGS='-g -O2'
CPP='gcc -E'
CPPFLAGS=''
DEFS='-DPACKAGE_NAME=\"\" -DPACKAGE_TARNAME=\"\" -DPACKAGE_VERSION=\"\" -DPACKAGE_STRING=\"\" -DPACKAGE_BUGREPORT=\"\" -DPACKAGE_URL=\"\" -DSTDC_HEADERS=1 -D_LARGEFILE64_SOURCE=1 -D_FILE_OFFSET_BITS=64 -DHAVE_LIBSSL=1 -DHAVE_LIBCRYPTO=1 -DHAVE_EVP_BF_CBC=1 -DHAVE_EVP_RC2_CBC=1 -DHAVE_EVP_RC4=1 -DHAVE_EVP_DES_CBC=1 -DHAVE_EVP_DESX_CBC=1 -DHAVE_EVP_CAST5_CBC=1 -DHAVE_EVP_IDEA_CBC=1 -DHAVE_EVP_AES_128_CBC=1 -DHAVE_EVP_AES_256_CBC=1 -DUSE_OPENSSL_ADD_ALL_ALGORITHMS=1 -DHAVE_SYS_TYPES_H=1 -DHAVE_SYS_STAT_H=1 -DHAVE_STDLIB_H=1 -DHAVE_STRING_H=1 -DHAVE_MEMORY_H=1 -DHAVE_STRINGS_H=1 -DHAVE_INTTYPES_H=1 -DHAVE_STDINT_H=1 -DHAVE_UNISTD_H=1 -DHAVE_OSS=1'
ECHO_C='\c'
ECHO_N=''
ECHO_T=''
EGREP='/usr/bin/grep -E'
EXEEXT=''
GREP='/usr/bin/grep'
LDFLAGS=''
LIBOBJS=''
LIBS='-lcrypto -lssl '
LTLIBOBJS=''
OBJEXT='o'
PACKAGE_BUGREPORT=''
PACKAGE_NAME=''
PACKAGE_STRING=''
PACKAGE_TARNAME=''
PACKAGE_URL=''
PACKAGE_VERSION=''
PATH_SEPARATOR=':'
SET_MAKE='MAKE=make'
SHELL='/bin/sh'
VERSION='0.0.1'
ac_ct_CC='gcc'
bindir='${exec_prefix}/bin'
build_alias=''
datadir='${datarootdir}'
datarootdir='${prefix}/share'
docdir='${datarootdir}/doc/${PACKAGE}'
dvidir='${docdir}'
exec_prefix='${prefix}'
host_alias=''
htmldir='${docdir}'
includedir='${prefix}/include'
infodir='${datarootdir}/info'
libdir='${exec_prefix}/lib'
libexecdir='${exec_prefix}/libexec'
localedir='${datarootdir}/locale'
localstatedir='${prefix}/var'
mandir='${datarootdir}/man'
oldincludedir='/usr/include'
pdfdir='${docdir}'
prefix='/usr/local'
program_transform_name='s,x,x,'
psdir='${docdir}'
sbindir='${exec_prefix}/sbin'
sharedstatedir='${prefix}/com'
sysconfdir='${prefix}/etc'
target_alias=''

## ----------- ##
## confdefs.h. ##
## ----------- ##

/* confdefs.h */
#define PACKAGE_NAME ""
#define PACKAGE_TARNAME ""
#define PACKAGE_VERSION ""
#define PACKAGE_STRING ""
#define PACKAGE_BUGREPORT ""
#define PACKAGE_URL ""
#define STDC_HEADERS 1
#define _LARGEFILE64_SOURCE 1
#define _FILE_OFFSET_BITS 64
#define HAVE_LIBSSL 1
#define HAVE_LIBCRYPTO 1
#define HAVE_EVP_BF_CBC 1
#define HAVE_EVP_RC2_CBC 1
#define HAVE_EVP_RC4 1
#define HAVE_EVP_DES_CBC 1
#define HAVE_EVP_DESX_CBC 1
#define HAVE_EVP_CAST5_CBC 1
#define HAVE_EVP_IDEA_CBC 1
#define HAVE_EVP_AES_128_CBC 1
#define HAVE_EVP_AES_256_CBC 1
#define USE_OPENSSL_ADD_ALL_ALGORITHMS 1
#define HAVE_SYS_TYPES_H 1
#define HAVE_SYS_STAT_H 1
#define HAVE_STDLIB_H 1
#define HAVE_STRING_H 1
#define HAVE_MEMORY_H 1
#define HAVE_STRINGS_H 1
#define HAVE_INTTYPES_H 1
#define HAVE_STDINT_H 1
#define HAVE_UNISTD_H 1
#define HAVE_OSS 1

configure: exit 0
