This file contains any messages produced by compilers while
running configure, to aid debugging if configure makes a mistake.

It was created by configure, which was
generated by GNU Autoconf 2.69.  Invocation command line was

  $ ./configure --disable-option-checking --prefix=/usr/local --enable-ssl --enable-capabilities --enable-ip6 --enable-pam --cache-file=/dev/null --srcdir=.

## --------- ##
## Platform. ##
## --------- ##

hostname = ubuntu
uname -m = x86_64
uname -r = 3.13.0-32-generic
uname -s = Linux
uname -v = #57-Ubuntu SMP Tue Jul 15 03:51:08 UTC 2014

/usr/bin/uname -p = unknown
/bin/uname -X     = unknown

/bin/arch              = unknown
/usr/bin/arch -k       = unknown
/usr/convex/getsysinfo = unknown
/usr/bin/hostinfo      = unknown
/bin/machine           = unknown
/usr/bin/oslevel       = unknown
/bin/universe          = unknown

PATH: /usr/local/sbin
PATH: /usr/local/bin
PATH: /usr/sbin
PATH: /usr/bin
PATH: /sbin
PATH: /bin
PATH: /usr/games
PATH: /usr/local/games


## ----------- ##
## Core tests. ##
## ----------- ##

configure:2148: checking for gcc
configure:2164: found /usr/bin/gcc
configure:2175: result: gcc
configure:2404: checking for C compiler version
configure:2413: gcc --version >&5
gcc (Ubuntu 4.8.4-2ubuntu1~14.04) 4.8.4
Copyright (C) 2013 Free Software Foundation, Inc.
This is free software; see the source for copying conditions.  There is NO
warranty; not even for MERCHANTABILITY or FITNESS FOR A PARTICULAR PURPOSE.

configure:2424: $? = 0
configure:2413: gcc -v >&5
Using built-in specs.
COLLECT_GCC=gcc
COLLECT_LTO_WRAPPER=/usr/lib/gcc/x86_64-linux-gnu/4.8/lto-wrapper
Target: x86_64-linux-gnu
Configured with: ../src/configure -v --with-pkgversion='Ubuntu 4.8.4-2ubuntu1~14.04' --with-bugurl=file:///usr/share/doc/gcc-4.8/README.Bugs --enable-languages=c,c++,java,go,d,fortran,objc,obj-c++ --prefix=/usr --program-suffix=-4.8 --enable-shared --enable-linker-build-id --libexecdir=/usr/lib --without-included-gettext --enable-threads=posix --with-gxx-include-dir=/usr/include/c++/4.8 --libdir=/usr/lib --enable-nls --with-sysroot=/ --enable-clocale=gnu --enable-libstdcxx-debug --enable-libstdcxx-time=yes --enable-gnu-unique-object --disable-libmudflap --enable-plugin --with-system-zlib --disable-browser-plugin --enable-java-awt=gtk --enable-gtk-cairo --with-java-home=/usr/lib/jvm/java-1.5.0-gcj-4.8-amd64/jre --enable-java-home --with-jvm-root-dir=/usr/lib/jvm/java-1.5.0-gcj-4.8-amd64 --with-jvm-jar-dir=/usr/lib/jvm-exports/java-1.5.0-gcj-4.8-amd64 --with-arch-directory=amd64 --with-ecj-jar=/usr/share/java/eclipse-ecj.jar --enable-objc-gc --enable-multiarch --disable-werror --with-arch-32=i686 --with-abi=m64 --with-multilib-list=m32,m64,mx32 --with-tune=generic --enable-checking=release --build=x86_64-linux-gnu --host=x86_64-linux-gnu --target=x86_64-linux-gnu
Thread model: posix
gcc version 4.8.4 (Ubuntu 4.8.4-2ubuntu1~14.04) 
configure:2424: $? = 0
configure:2413: gcc -V >&5
gcc: error: unrecognized command line option '-V'
gcc: fatal error: no input files
compilation terminated.
configure:2424: $? = 4
configure:2413: gcc -qversion >&5
gcc: error: unrecognized command line option '-qversion'
gcc: fatal error: no input files
compilation terminated.
configure:2424: $? = 4
configure:2444: checking whether the C compiler works
configure:2466: gcc    conftest.c  >&5
configure:2470: $? = 0
configure:2518: result: yes
configure:2521: checking for C compiler default output file name
configure:2523: result: a.out
configure:2529: checking for suffix of executables
configure:2536: gcc -o conftest    conftest.c  >&5
configure:2540: $? = 0
configure:2562: result: 
configure:2584: checking whether we are cross compiling
configure:2592: gcc -o conftest    conftest.c  >&5
configure:2596: $? = 0
configure:2603: ./conftest
configure:2607: $? = 0
configure:2622: result: no
configure:2627: checking for suffix of object files
configure:2649: gcc -c   conftest.c >&5
configure:2653: $? = 0
configure:2674: result: o
configure:2678: checking whether we are using the GNU C compiler
configure:2697: gcc -c   conftest.c >&5
configure:2697: $? = 0
configure:2706: result: yes
configure:2715: checking whether gcc accepts -g
configure:2735: gcc -c -g  conftest.c >&5
configure:2735: $? = 0
configure:2776: result: yes
configure:2793: checking for gcc option to accept ISO C89
configure:2856: gcc  -c -g -O2  conftest.c >&5
configure:2856: $? = 0
configure:2869: result: none needed
configure:2895: checking whether make sets $(MAKE)
configure:2917: result: yes
configure:2932: checking how to run the C preprocessor
configure:2963: gcc -E  conftest.c
configure:2963: $? = 0
configure:2977: gcc -E  conftest.c
conftest.c:9:28: fatal error: ac_nonexistent.h: No such file or directory
 #include <ac_nonexistent.h>
                            ^
compilation terminated.
configure:2977: $? = 1
configure: failed program was:
| /* confdefs.h */
| #define PACKAGE_NAME ""
| #define PACKAGE_TARNAME ""
| #define PACKAGE_VERSION ""
| #define PACKAGE_STRING ""
| #define PACKAGE_BUGREPORT ""
| #define PACKAGE_URL ""
| /* end confdefs.h.  */
| #include <ac_nonexistent.h>
configure:3002: result: gcc -E
configure:3022: gcc -E  conftest.c
configure:3022: $? = 0
configure:3036: gcc -E  conftest.c
conftest.c:9:28: fatal error: ac_nonexistent.h: No such file or directory
 #include <ac_nonexistent.h>
                            ^
compilation terminated.
configure:3036: $? = 1
configure: failed program was:
| /* confdefs.h */
| #define PACKAGE_NAME ""
| #define PACKAGE_TARNAME ""
| #define PACKAGE_VERSION ""
| #define PACKAGE_STRING ""
| #define PACKAGE_BUGREPORT ""
| #define PACKAGE_URL ""
| /* end confdefs.h.  */
| #include <ac_nonexistent.h>
configure:3065: checking for grep that handles long lines and -e
configure:3123: result: /bin/grep
configure:3128: checking for egrep
configure:3190: result: /bin/grep -E
configure:3195: checking for ANSI C header files
configure:3215: gcc -c -g -O2  conftest.c >&5
configure:3215: $? = 0
configure:3288: gcc -o conftest -g -O2   conftest.c  >&5
configure:3288: $? = 0
configure:3288: ./conftest
configure:3288: $? = 0
configure:3299: result: yes
configure:3314: checking for special C compiler options needed for large files
configure:3359: result: no
configure:3365: checking for _FILE_OFFSET_BITS value needed for large files
configure:3390: gcc -c -g -O2  conftest.c >&5
configure:3390: $? = 0
configure:3422: result: no
configure:3528: checking for sys/types.h
configure:3528: gcc -c -g -O2  conftest.c >&5
configure:3528: $? = 0
configure:3528: result: yes
configure:3528: checking for sys/stat.h
configure:3528: gcc -c -g -O2  conftest.c >&5
configure:3528: $? = 0
configure:3528: result: yes
configure:3528: checking for stdlib.h
configure:3528: gcc -c -g -O2  conftest.c >&5
configure:3528: $? = 0
configure:3528: result: yes
configure:3528: checking for string.h
configure:3528: gcc -c -g -O2  conftest.c >&5
configure:3528: $? = 0
configure:3528: result: yes
configure:3528: checking for memory.h
configure:3528: gcc -c -g -O2  conftest.c >&5
configure:3528: $? = 0
configure:3528: result: yes
configure:3528: checking for strings.h
configure:3528: gcc -c -g -O2  conftest.c >&5
configure:3528: $? = 0
configure:3528: result: yes
configure:3528: checking for inttypes.h
configure:3528: gcc -c -g -O2  conftest.c >&5
configure:3528: $? = 0
configure:3528: result: yes
configure:3528: checking for stdint.h
configure:3528: gcc -c -g -O2  conftest.c >&5
configure:3528: $? = 0
configure:3528: result: yes
configure:3528: checking for unistd.h
configure:3528: gcc -c -g -O2  conftest.c >&5
configure:3528: $? = 0
configure:3528: result: yes
configure:3540: checking sys/sendfile.h usability
configure:3540: gcc -c -g -O2  conftest.c >&5
configure:3540: $? = 0
configure:3540: result: yes
configure:3540: checking sys/sendfile.h presence
configure:3540: gcc -E  conftest.c
configure:3540: $? = 0
configure:3540: result: yes
configure:3540: checking for sys/sendfile.h
configure:3540: result: yes
configure:3579: checking for SSL_library_init in -lssl
configure:3604: gcc -o conftest -g -O2   conftest.c -lssl   >&5
configure:3604: $? = 0
configure:3613: result: yes
configure:3626: checking for EVP_CIPHER_CTX_init in -lcrypto
configure:3651: gcc -o conftest -g -O2   conftest.c -lcrypto  -lssl  >&5
configure:3651: $? = 0
configure:3660: result: yes
configure:3676: checking for OpenSSL_add_all_algorithms
configure:3676: gcc -o conftest -g -O2   conftest.c -lcrypto -lssl  >&5
/tmp/cc4DRAl5.o: In function `main':
/home/metacosm/alaya/libUseful-2.3/conftest.c:57: undefined reference to `OpenSSL_add_all_algorithms'
collect2: error: ld returned 1 exit status
configure:3676: $? = 1
configure: failed program was:
| /* confdefs.h */
| #define PACKAGE_NAME ""
| #define PACKAGE_TARNAME ""
| #define PACKAGE_VERSION ""
| #define PACKAGE_STRING ""
| #define PACKAGE_BUGREPORT ""
| #define PACKAGE_URL ""
| #define STDC_HEADERS 1
| #define HAVE_SYS_TYPES_H 1
| #define HAVE_SYS_STAT_H 1
| #define HAVE_STDLIB_H 1
| #define HAVE_STRING_H 1
| #define HAVE_MEMORY_H 1
| #define HAVE_STRINGS_H 1
| #define HAVE_INTTYPES_H 1
| #define HAVE_STDINT_H 1
| #define HAVE_UNISTD_H 1
| #define USE_SENDFILE 1
| #define USE_INET6 1
| #define HAVE_LIBSSL 1
| #define HAVE_LIBCRYPTO 1
| /* end confdefs.h.  */
| /* Define OpenSSL_add_all_algorithms to an innocuous variant, in case <limits.h> declares OpenSSL_add_all_algorithms.
|    For example, HP-UX 11i <limits.h> declares gettimeofday.  */
| #define OpenSSL_add_all_algorithms innocuous_OpenSSL_add_all_algorithms
| 
| /* System header to define __stub macros and hopefully few prototypes,
|     which can conflict with char OpenSSL_add_all_algorithms (); below.
|     Prefer <limits.h> to <assert.h> if __STDC__ is defined, since
|     <limits.h> exists even on freestanding compilers.  */
| 
| #ifdef __STDC__
| # include <limits.h>
| #else
| # include <assert.h>
| #endif
| 
| #undef OpenSSL_add_all_algorithms
| 
| /* Override any GCC internal prototype to avoid an error.
|    Use char because int might match the return type of a GCC
|    builtin and then its argument prototype would still apply.  */
| #ifdef __cplusplus
| extern "C"
| #endif
| char OpenSSL_add_all_algorithms ();
| /* The GNU C library defines this for functions which it implements
|     to always fail with ENOSYS.  Some functions are actually named
|     something starting with __ and the normal name is an alias.  */
| #if defined __stub_OpenSSL_add_all_algorithms || defined __stub___OpenSSL_add_all_algorithms
| choke me
| #endif
| 
| int
| main ()
| {
| return OpenSSL_add_all_algorithms ();
|   ;
|   return 0;
| }
configure:3676: result: no
configure:3676: checking for EVP_bf_cbc
configure:3676: gcc -o conftest -g -O2   conftest.c -lcrypto -lssl  >&5
configure:3676: $? = 0
configure:3676: result: yes
configure:3676: checking for EVP_rc2_cbc
configure:3676: gcc -o conftest -g -O2   conftest.c -lcrypto -lssl  >&5
configure:3676: $? = 0
configure:3676: result: yes
configure:3676: checking for EVP_rc4
configure:3676: gcc -o conftest -g -O2   conftest.c -lcrypto -lssl  >&5
configure:3676: $? = 0
configure:3676: result: yes
configure:3676: checking for EVP_rc5_32_12_16_cbc
configure:3676: gcc -o conftest -g -O2   conftest.c -lcrypto -lssl  >&5
/tmp/ccQSHzzQ.o: In function `main':
/home/metacosm/alaya/libUseful-2.3/conftest.c:60: undefined reference to `EVP_rc5_32_12_16_cbc'
collect2: error: ld returned 1 exit status
configure:3676: $? = 1
configure: failed program was:
| /* confdefs.h */
| #define PACKAGE_NAME ""
| #define PACKAGE_TARNAME ""
| #define PACKAGE_VERSION ""
| #define PACKAGE_STRING ""
| #define PACKAGE_BUGREPORT ""
| #define PACKAGE_URL ""
| #define STDC_HEADERS 1
| #define HAVE_SYS_TYPES_H 1
| #define HAVE_SYS_STAT_H 1
| #define HAVE_STDLIB_H 1
| #define HAVE_STRING_H 1
| #define HAVE_MEMORY_H 1
| #define HAVE_STRINGS_H 1
| #define HAVE_INTTYPES_H 1
| #define HAVE_STDINT_H 1
| #define HAVE_UNISTD_H 1
| #define USE_SENDFILE 1
| #define USE_INET6 1
| #define HAVE_LIBSSL 1
| #define HAVE_LIBCRYPTO 1
| #define HAVE_EVP_BF_CBC 1
| #define HAVE_EVP_RC2_CBC 1
| #define HAVE_EVP_RC4 1
| /* end confdefs.h.  */
| /* Define EVP_rc5_32_12_16_cbc to an innocuous variant, in case <limits.h> declares EVP_rc5_32_12_16_cbc.
|    For example, HP-UX 11i <limits.h> declares gettimeofday.  */
| #define EVP_rc5_32_12_16_cbc innocuous_EVP_rc5_32_12_16_cbc
| 
| /* System header to define __stub macros and hopefully few prototypes,
|     which can conflict with char EVP_rc5_32_12_16_cbc (); below.
|     Prefer <limits.h> to <assert.h> if __STDC__ is defined, since
|     <limits.h> exists even on freestanding compilers.  */
| 
| #ifdef __STDC__
| # include <limits.h>
| #else
| # include <assert.h>
| #endif
| 
| #undef EVP_rc5_32_12_16_cbc
| 
| /* Override any GCC internal prototype to avoid an error.
|    Use char because int might match the return type of a GCC
|    builtin and then its argument prototype would still apply.  */
| #ifdef __cplusplus
| extern "C"
| #endif
| char EVP_rc5_32_12_16_cbc ();
| /* The GNU C library defines this for functions which it implements
|     to always fail with ENOSYS.  Some functions are actually named
|     something starting with __ and the normal name is an alias.  */
| #if defined __stub_EVP_rc5_32_12_16_cbc || defined __stub___EVP_rc5_32_12_16_cbc
| choke me
| #endif
| 
| int
| main ()
| {
| return EVP_rc5_32_12_16_cbc ();
|   ;
|   return 0;
| }
configure:3676: result: no
configure:3676: checking for EVP_des_cbc
configure:3676: gcc -o conftest -g -O2   conftest.c -lcrypto -lssl  >&5
configure:3676: $? = 0
configure:3676: result: yes
configure:3676: checking for EVP_desx_cbc
configure:3676: gcc -o conftest -g -O2   conftest.c -lcrypto -lssl  >&5
configure:3676: $? = 0
configure:3676: result: yes
configure:3676: checking for EVP_cast5_cbc
configure:3676: gcc -o conftest -g -O2   conftest.c -lcrypto -lssl  >&5
configure:3676: $? = 0
configure:3676: result: yes
configure:3676: checking for EVP_idea_cbc
configure:3676: gcc -o conftest -g -O2   conftest.c -lcrypto -lssl  >&5
/tmp/ccl6pn9F.o: In function `main':
/home/metacosm/alaya/libUseful-2.3/conftest.c:63: undefined reference to `EVP_idea_cbc'
collect2: error: ld returned 1 exit status
configure:3676: $? = 1
configure: failed program was:
| /* confdefs.h */
| #define PACKAGE_NAME ""
| #define PACKAGE_TARNAME ""
| #define PACKAGE_VERSION ""
| #define PACKAGE_STRING ""
| #define PACKAGE_BUGREPORT ""
| #define PACKAGE_URL ""
| #define STDC_HEADERS 1
| #define HAVE_SYS_TYPES_H 1
| #define HAVE_SYS_STAT_H 1
| #define HAVE_STDLIB_H 1
| #define HAVE_STRING_H 1
| #define HAVE_MEMORY_H 1
| #define HAVE_STRINGS_H 1
| #define HAVE_INTTYPES_H 1
| #define HAVE_STDINT_H 1
| #define HAVE_UNISTD_H 1
| #define USE_SENDFILE 1
| #define USE_INET6 1
| #define HAVE_LIBSSL 1
| #define HAVE_LIBCRYPTO 1
| #define HAVE_EVP_BF_CBC 1
| #define HAVE_EVP_RC2_CBC 1
| #define HAVE_EVP_RC4 1
| #define HAVE_EVP_DES_CBC 1
| #define HAVE_EVP_DESX_CBC 1
| #define HAVE_EVP_CAST5_CBC 1
| /* end confdefs.h.  */
| /* Define EVP_idea_cbc to an innocuous variant, in case <limits.h> declares EVP_idea_cbc.
|    For example, HP-UX 11i <limits.h> declares gettimeofday.  */
| #define EVP_idea_cbc innocuous_EVP_idea_cbc
| 
| /* System header to define __stub macros and hopefully few prototypes,
|     which can conflict with char EVP_idea_cbc (); below.
|     Prefer <limits.h> to <assert.h> if __STDC__ is defined, since
|     <limits.h> exists even on freestanding compilers.  */
| 
| #ifdef __STDC__
| # include <limits.h>
| #else
| # include <assert.h>
| #endif
| 
| #undef EVP_idea_cbc
| 
| /* Override any GCC internal prototype to avoid an error.
|    Use char because int might match the return type of a GCC
|    builtin and then its argument prototype would still apply.  */
| #ifdef __cplusplus
| extern "C"
| #endif
| char EVP_idea_cbc ();
| /* The GNU C library defines this for functions which it implements
|     to always fail with ENOSYS.  Some functions are actually named
|     something starting with __ and the normal name is an alias.  */
| #if defined __stub_EVP_idea_cbc || defined __stub___EVP_idea_cbc
| choke me
| #endif
| 
| int
| main ()
| {
| return EVP_idea_cbc ();
|   ;
|   return 0;
| }
configure:3676: result: no
configure:3676: checking for EVP_aes_128_cbc
configure:3676: gcc -o conftest -g -O2   conftest.c -lcrypto -lssl  >&5
configure:3676: $? = 0
configure:3676: result: yes
configure:3676: checking for EVP_aes_256_cbc
configure:3676: gcc -o conftest -g -O2   conftest.c -lcrypto -lssl  >&5
configure:3676: $? = 0
configure:3676: result: yes
configure:3686: checking that OpenSSL Library is at least version 0.9.7
configure:3700: result: yes
configure:3787: checking sys/soundcard.h usability
configure:3787: gcc -c -g -O2  conftest.c >&5
configure:3787: $? = 0
configure:3787: result: yes
configure:3787: checking sys/soundcard.h presence
configure:3787: gcc -E  conftest.c
configure:3787: $? = 0
configure:3787: result: yes
configure:3787: checking for sys/soundcard.h
configure:3787: result: yes
configure:4004: creating ./config.status

## ---------------------- ##
## Running config.status. ##
## ---------------------- ##

This file was extended by config.status, which was
generated by GNU Autoconf 2.69.  Invocation command line was

  CONFIG_FILES    = 
  CONFIG_HEADERS  = 
  CONFIG_LINKS    = 
  CONFIG_COMMANDS = 
  $ ./config.status 

on ubuntu

config.status:727: creating Makefile

## ---------------- ##
## Cache variables. ##
## ---------------- ##

ac_cv_c_compiler_gnu=yes
ac_cv_env_CC_set=
ac_cv_env_CC_value=
ac_cv_env_CFLAGS_set=
ac_cv_env_CFLAGS_value=
ac_cv_env_CPPFLAGS_set=
ac_cv_env_CPPFLAGS_value=
ac_cv_env_CPP_set=
ac_cv_env_CPP_value=
ac_cv_env_LDFLAGS_set=
ac_cv_env_LDFLAGS_value=
ac_cv_env_LIBS_set=
ac_cv_env_LIBS_value=
ac_cv_env_build_alias_set=
ac_cv_env_build_alias_value=
ac_cv_env_host_alias_set=
ac_cv_env_host_alias_value=
ac_cv_env_target_alias_set=
ac_cv_env_target_alias_value=
ac_cv_func_EVP_aes_128_cbc=yes
ac_cv_func_EVP_aes_256_cbc=yes
ac_cv_func_EVP_bf_cbc=yes
ac_cv_func_EVP_cast5_cbc=yes
ac_cv_func_EVP_des_cbc=yes
ac_cv_func_EVP_desx_cbc=yes
ac_cv_func_EVP_idea_cbc=no
ac_cv_func_EVP_rc2_cbc=yes
ac_cv_func_EVP_rc4=yes
ac_cv_func_EVP_rc5_32_12_16_cbc=no
ac_cv_func_OpenSSL_add_all_algorithms=no
ac_cv_header_inttypes_h=yes
ac_cv_header_memory_h=yes
ac_cv_header_stdc=yes
ac_cv_header_stdint_h=yes
ac_cv_header_stdlib_h=yes
ac_cv_header_string_h=yes
ac_cv_header_strings_h=yes
ac_cv_header_sys_sendfile_h=yes
ac_cv_header_sys_soundcard_h=yes
ac_cv_header_sys_stat_h=yes
ac_cv_header_sys_types_h=yes
ac_cv_header_unistd_h=yes
ac_cv_lib_crypto_EVP_CIPHER_CTX_init=yes
ac_cv_lib_ssl_SSL_library_init=yes
ac_cv_objext=o
ac_cv_path_EGREP='/bin/grep -E'
ac_cv_path_GREP=/bin/grep
ac_cv_prog_CPP='gcc -E'
ac_cv_prog_ac_ct_CC=gcc
ac_cv_prog_cc_c89=
ac_cv_prog_cc_g=yes
ac_cv_prog_make_make_set=yes
ac_cv_sys_file_offset_bits=no
ac_cv_sys_largefile_CC=no

## ----------------- ##
## Output variables. ##
## ----------------- ##

CC='gcc'
CFLAGS='-g -O2'
CPP='gcc -E'
CPPFLAGS=''
DEFS='-DPACKAGE_NAME=\"\" -DPACKAGE_TARNAME=\"\" -DPACKAGE_VERSION=\"\" -DPACKAGE_STRING=\"\" -DPACKAGE_BUGREPORT=\"\" -DPACKAGE_URL=\"\" -DSTDC_HEADERS=1 -DHAVE_SYS_TYPES_H=1 -DHAVE_SYS_STAT_H=1 -DHAVE_STDLIB_H=1 -DHAVE_STRING_H=1 -DHAVE_MEMORY_H=1 -DHAVE_STRINGS_H=1 -DHAVE_INTTYPES_H=1 -DHAVE_STDINT_H=1 -DHAVE_UNISTD_H=1 -DUSE_SENDFILE=1 -DUSE_INET6=1 -DHAVE_LIBSSL=1 -DHAVE_LIBCRYPTO=1 -DHAVE_EVP_BF_CBC=1 -DHAVE_EVP_RC2_CBC=1 -DHAVE_EVP_RC4=1 -DHAVE_EVP_DES_CBC=1 -DHAVE_EVP_DESX_CBC=1 -DHAVE_EVP_CAST5_CBC=1 -DHAVE_EVP_AES_128_CBC=1 -DHAVE_EVP_AES_256_CBC=1 -DUSE_OPENSSL_ADD_ALL_ALGORITHMS=1 -DHAVE_OSS=1'
ECHO_C=''
ECHO_N='-n'
ECHO_T=''
EGREP='/bin/grep -E'
EXEEXT=''
GREP='/bin/grep'
LDFLAGS=''
LIBOBJS=''
LIBS='-lcrypto -lssl '
LTLIBOBJS=''
OBJEXT='o'
PACKAGE_BUGREPORT=''
PACKAGE_NAME=''
PACKAGE_STRING=''
PACKAGE_TARNAME=''
PACKAGE_URL=''
PACKAGE_VERSION=''
PATH_SEPARATOR=':'
SET_MAKE=''
SHELL='/bin/bash'
VERSION='0.0.1'
ac_ct_CC='gcc'
bindir='${exec_prefix}/bin'
build_alias=''
datadir='${datarootdir}'
datarootdir='${prefix}/share'
docdir='${datarootdir}/doc/${PACKAGE}'
dvidir='${docdir}'
exec_prefix='${prefix}'
host_alias=''
htmldir='${docdir}'
includedir='${prefix}/include'
infodir='${datarootdir}/info'
libdir='${exec_prefix}/lib'
libexecdir='${exec_prefix}/libexec'
localedir='${datarootdir}/locale'
localstatedir='${prefix}/var'
mandir='${datarootdir}/man'
oldincludedir='/usr/include'
pdfdir='${docdir}'
prefix='/usr/local'
program_transform_name='s,x,x,'
psdir='${docdir}'
sbindir='${exec_prefix}/sbin'
sharedstatedir='${prefix}/com'
sysconfdir='${prefix}/etc'
target_alias=''

## ----------- ##
## confdefs.h. ##
## ----------- ##

/* confdefs.h */
#define PACKAGE_NAME ""
#define PACKAGE_TARNAME ""
#define PACKAGE_VERSION ""
#define PACKAGE_STRING ""
#define PACKAGE_BUGREPORT ""
#define PACKAGE_URL ""
#define STDC_HEADERS 1
#define HAVE_SYS_TYPES_H 1
#define HAVE_SYS_STAT_H 1
#define HAVE_STDLIB_H 1
#define HAVE_STRING_H 1
#define HAVE_MEMORY_H 1
#define HAVE_STRINGS_H 1
#define HAVE_INTTYPES_H 1
#define HAVE_STDINT_H 1
#define HAVE_UNISTD_H 1
#define USE_SENDFILE 1
#define USE_INET6 1
#define HAVE_LIBSSL 1
#define HAVE_LIBCRYPTO 1
#define HAVE_EVP_BF_CBC 1
#define HAVE_EVP_RC2_CBC 1
#define HAVE_EVP_RC4 1
#define HAVE_EVP_DES_CBC 1
#define HAVE_EVP_DESX_CBC 1
#define HAVE_EVP_CAST5_CBC 1
#define HAVE_EVP_AES_128_CBC 1
#define HAVE_EVP_AES_256_CBC 1
#define USE_OPENSSL_ADD_ALL_ALGORITHMS 1
#define HAVE_OSS 1

configure: exit 0
